Log file open, 11/06/17 14:23:48
LogWindows: Failed to load 'aqProf.dll' (GetLastError=126)
LogWindows: File 'aqProf.dll' does not exist
LogWindows: Failed to load 'VtuneApi.dll' (GetLastError=126)
LogWindows: File 'VtuneApi.dll' does not exist
LogWindows: Failed to load 'VtuneApi32e.dll' (GetLastError=126)
LogWindows: File 'VtuneApi32e.dll' does not exist
LogInit: Display: Running engine for game: MyProject
LogPlatformFile: Not using cached read wrapper
LogInit: Display: RandInit(1509770910) SRandInit(1509770910).
LogTaskGraph: Started task graph with 5 named threads and 8 total threads with 3 sets of task threads.
LogStats: Stats thread started at 4.500787
LogD3D11RHI: Aftermath initialized
LogPluginManager: Mounting plugin Paper2D
LogPluginManager: Mounting plugin LightPropagationVolume
LogPluginManager: Mounting plugin CodeLiteSourceCodeAccess
LogPluginManager: Mounting plugin GitSourceControl
LogPluginManager: Mounting plugin KDevelopSourceCodeAccess
LogPluginManager: Mounting plugin NullSourceCodeAccess
LogPluginManager: Mounting plugin PerforceSourceControl
LogPluginManager: Mounting plugin SubversionSourceControl
LogPluginManager: Mounting plugin UObjectPlugin
LogPluginManager: Mounting plugin VisualStudioSourceCodeAccess
LogPluginManager: Mounting plugin XCodeSourceCodeAccess
LogPluginManager: Mounting plugin AssetManagerEditor
LogPluginManager: Mounting plugin AudioCapture
LogPluginManager: Mounting plugin FacialAnimation
LogPluginManager: Mounting plugin GameplayTagsEditor
LogPluginManager: Mounting plugin MobileLauncherProfileWizard
LogPluginManager: Mounting plugin PluginBrowser
LogPluginManager: Mounting plugin SpeedTreeImporter
LogPluginManager: Mounting plugin AlembicImporter
LogPluginManager: Mounting plugin CharacterAI
LogPluginManager: Mounting plugin HTML5Networking
LogPluginManager: Mounting plugin Substance
LogPluginManager: Mounting plugin AndroidMedia
LogPluginManager: Mounting plugin AvfMedia
LogPluginManager: Mounting plugin MediaPlayerEditor
LogPluginManager: Mounting plugin WmfMedia
LogPluginManager: Mounting plugin TcpMessaging
LogPluginManager: Mounting plugin UdpMessaging
LogPluginManager: Mounting plugin LevelSequenceEditor
LogPluginManager: Mounting plugin MatineeToLevelSequence
LogPluginManager: Mounting plugin OnlineSubsystemGooglePlay
LogPluginManager: Mounting plugin OnlineSubsystemIOS
LogPluginManager: Mounting plugin OnlineSubsystem
LogPluginManager: Mounting plugin OnlineSubsystemNull
LogPluginManager: Mounting plugin OnlineSubsystemUtils
LogPluginManager: Mounting plugin AndroidDeviceProfileSelector
LogPluginManager: Mounting plugin AndroidMoviePlayer
LogPluginManager: Mounting plugin AndroidPermission
LogPluginManager: Mounting plugin AppleMoviePlayer
LogPluginManager: Mounting plugin ArchVisCharacter
LogPluginManager: Mounting plugin CableComponent
LogPluginManager: Mounting plugin CustomMeshComponent
LogPluginManager: Mounting plugin ExampleDeviceProfileSelector
LogPluginManager: Mounting plugin GoogleCloudMessaging
LogPluginManager: Mounting plugin ImmediatePhysics
LogPluginManager: Mounting plugin IOSDeviceProfileSelector
LogPluginManager: Mounting plugin LinuxDeviceProfileSelector
LogPluginManager: Mounting plugin LocationServicesBPLibrary
LogPluginManager: Mounting plugin MobilePatchingUtils
LogPluginManager: Mounting plugin OculusVR
LogPluginManager: Mounting plugin PhysXVehicles
LogPluginManager: Mounting plugin ProceduralMeshComponent
LogPluginManager: Mounting plugin RuntimePhysXCooking
LogPluginManager: Mounting plugin SteamVR
LogPluginManager: Mounting plugin WindowsMoviePlayer
LogInit: Using libcurl 7.47.1
LogInit:  - built for x86_64-pc-win32
LogInit:  - supports SSL with OpenSSL/1.0.2g
LogInit:  - supports HTTP deflate (compression) using libz 1.2.8
LogInit:  - other features:
LogInit:      CURL_VERSION_SSL
LogInit:      CURL_VERSION_LIBZ
LogInit:      CURL_VERSION_IPV6
LogInit:      CURL_VERSION_ASYNCHDNS
LogInit:      CURL_VERSION_LARGEFILE
LogInit:      CURL_VERSION_IDN
LogInit:  CurlRequestOptions (configurable via config and command line):
LogInit:  - bVerifyPeer = false  - Libcurl will NOT verify peer certificate
LogInit:  - bUseHttpProxy = false  - Libcurl will NOT use HTTP proxy
LogInit:  - bDontReuseConnections = false  - Libcurl will reuse connections
LogInit:  - CertBundlePath = nullptr  - Libcurl will use whatever was configured at build time.
LogInit: Build: ++UE4+Release-4.17-CL-3658906
LogInit: Engine Version: 4.17.2-3658906+++UE4+Release-4.17
LogInit: Compatible Engine Version: 4.17.0-3573198+++UE4+Release-4.17
LogInit: Net CL: 3573198
LogDevObjectVersion: Number of dev versions registered: 16
LogDevObjectVersion:   Dev-Blueprints (B0D832E4-1F89-4F0D-ACCF-7EB736FD4AA2): 10
LogDevObjectVersion:   Dev-Build (E1C64328-A22C-4D53-A36C-8E866417BD8C): 0
LogDevObjectVersion:   Dev-Core (375EC13C-06E4-48FB-B500-84F0262A717E): 2
LogDevObjectVersion:   Dev-Editor (E4B068ED-F494-42E9-A231-DA0B2E46BB41): 20
LogDevObjectVersion:   Dev-Framework (CFFC743F-43B0-4480-9391-14DF171D2073): 28
LogDevObjectVersion:   Dev-Mobile (B02B49B5-BB20-44E9-A304-32B752E40360): 0
LogDevObjectVersion:   Dev-Networking (A4E4105C-59A1-49B5-A7C5-40C4547EDFEE): 0
LogDevObjectVersion:   Dev-Online (39C831C9-5AE6-47DC-9A44-9C173E1C8E7C): 0
LogDevObjectVersion:   Dev-Physics (78F01B33-EBEA-4F98-B9B4-84EACCB95AA2): 0
LogDevObjectVersion:   Dev-Platform (6631380F-2D4D-43E0-8009-CF276956A95A): 0
LogDevObjectVersion:   Dev-Rendering (12F88B9F-8875-4AFC-A67C-D90C383ABD29): 19
LogDevObjectVersion:   Dev-Sequencer (7B5AE74C-D270-4C10-A958-57980B212A5A): 4
LogDevObjectVersion:   Dev-VR (D7296918-1DD6-4BDD-9DE2-64A83CC13884): 0
LogDevObjectVersion:   Dev-LoadTimes (C2A15278-BFE7-4AFE-6C17-90FF531DF755): 1
LogDevObjectVersion:   Private-Geometry (6EACA3D4-40EC-4CC1-B786-8BED09428FC5): 1
LogDevObjectVersion:   Dev-AnimPhys (29E575DD-E0A3-4627-9D10-D276232CDCEA): 7
LogInit: Compiled (64-bit): Sep 22 2017 13:47:16
LogInit: Compiled with Visual C++: 19.00.24215.01
LogInit: Build Configuration: Development
LogInit: Branch Name: ++UE4+Release-4.17
LogInit: Command line:  
LogInit: Base directory: D:/UnrealEngine/UE_4.17/Engine/Binaries/Win64/
LogInit: Installed Engine Build: 1
LogInit: Presizing for max 8388607 objects, including 0 objects not considered by GC, pre-allocating 0 bytes for permanent pool.
LogInit: Object subsystem initialized
[2017.11.06-13.23.52:417][  0]LogInit: Selected Device Profile: [Windows]
[2017.11.06-13.23.52:417][  0]LogInit: Applying CVar settings loaded from the selected device profile: [Windows]
[2017.11.06-13.23.52:625][  0]LogInit: Computer: LAPTOP-JEE1UTKT
[2017.11.06-13.23.52:625][  0]LogInit: User: rinke
[2017.11.06-13.23.52:625][  0]LogInit: CPU Page size=4096, Cores=2
[2017.11.06-13.23.52:625][  0]LogInit: High frequency timer resolution =2.531252 MHz
[2017.11.06-13.23.52:636][  0]LogMemory: Memory total: Physical=7.9GB (8GB approx)
[2017.11.06-13.23.52:636][  0]LogMemory: Platform Memory Stats for Windows
[2017.11.06-13.23.52:636][  0]LogMemory: Process Physical Memory: 276.25 MB used, 276.25 MB peak
[2017.11.06-13.23.52:636][  0]LogMemory: Process Virtual Memory: 275.85 MB used, 275.85 MB peak
[2017.11.06-13.23.52:636][  0]LogMemory: Physical Memory: 5140.04 MB used,  2957.87 MB free, 8097.91 MB total
[2017.11.06-13.23.52:637][  0]LogMemory: Virtual Memory: 666.99 MB used,  2957.87 MB free, 134217728.00 MB total
[2017.11.06-13.23.54:235][  0]LogInit: Using OS detected language (en-US).
[2017.11.06-13.23.54:235][  0]LogInit: Using OS detected locale (en-GB).
[2017.11.06-13.23.54:626][  0]LogTextLocalizationManager: No specific localization for 'en-US' exists, so the 'en' localization will be used.
[2017.11.06-13.24.01:242][  0]LogD3D11RHI: D3D11 adapters:
[2017.11.06-13.24.01:271][  0]LogD3D11RHI:    0. 'NVIDIA GeForce GTX 950M' (Feature Level 11_0)
[2017.11.06-13.24.01:271][  0]LogD3D11RHI:       4064/0/4048 MB DedicatedVideo/DedicatedSystem/SharedSystem, Outputs:1, VendorId:0x10de
[2017.11.06-13.24.01:304][  0]LogD3D11RHI:    1. 'Intel(R) HD Graphics 520' (Feature Level 11_0)
[2017.11.06-13.24.01:304][  0]LogD3D11RHI:       128/0/4048 MB DedicatedVideo/DedicatedSystem/SharedSystem, Outputs:0, VendorId:0x8086
[2017.11.06-13.24.01:306][  0]LogD3D11RHI:    2. 'Microsoft Basic Render Driver' (Feature Level 11_0)
[2017.11.06-13.24.01:306][  0]LogD3D11RHI:       0/0/4048 MB DedicatedVideo/DedicatedSystem/SharedSystem, Outputs:0, VendorId:0x1414
[2017.11.06-13.24.01:306][  0]LogD3D11RHI: Chosen D3D11 Adapter: 0
[2017.11.06-13.24.01:315][  0]LogD3D11RHI: Creating new Direct3DDevice
[2017.11.06-13.24.01:316][  0]LogD3D11RHI:     GPU DeviceId: 0x139a (for the marketing name, search the web for "GPU Device Id")
[2017.11.06-13.24.01:329][  0]LogWindows: EnumDisplayDevices:
[2017.11.06-13.24.01:329][  0]LogWindows:    0. 'Intel(R) HD Graphics 520' (P:1 D:1)
[2017.11.06-13.24.01:329][  0]LogWindows:    1. 'Intel(R) HD Graphics 520' (P:0 D:0)
[2017.11.06-13.24.01:330][  0]LogWindows:    2. 'Intel(R) HD Graphics 520' (P:0 D:0)
[2017.11.06-13.24.01:330][  0]LogWindows: DebugString: PrimaryIsNotTheChoosenAdapter PrimaryIsNotTheChoosenAdapter PrimaryIsNotTheChoosenAdapter FoundDriverCount:0 
[2017.11.06-13.24.01:330][  0]LogD3D11RHI:     Adapter Name: NVIDIA GeForce GTX 950M
[2017.11.06-13.24.01:330][  0]LogD3D11RHI:   Driver Version: Unknown (internal:Unknown, unified:Unknown)
[2017.11.06-13.24.01:330][  0]LogD3D11RHI:      Driver Date: Unknown
[2017.11.06-13.24.01:330][  0]LogRHI: Texture pool is 1361 MB (70% of 1945 MB)
[2017.11.06-13.24.01:373][  0]LogD3D11RHI: Async texture creation enabled
[2017.11.06-13.24.01:974][  0]LogD3D11RHI: GPU Timing Frequency: 1000.000000 (Debug: 2 1)
[2017.11.06-13.24.02:178][  0]LogShaderCompilers: Guid format shader working directory is 17 characters bigger than the processId version (../../../../../GIP/MyProject/Intermediate/Shaders/WorkingDirectory/10944/).
[2017.11.06-13.24.02:178][  0]LogShaderCompilers: Cleaned the shader compiler working directory 'C:/Users/rinke/AppData/Local/Temp/UnrealShaderWorkingDir/74A7A5964C055EE1CC24C9A3F5BC3A11/'.
[2017.11.06-13.24.02:189][  0]LogShaderCompilers: Display: Using Local Shader Compiler.
[2017.11.06-13.24.09:304][  0]LogTemp: Display: Loaded TP AllDesktopTargetPlatform
[2017.11.06-13.24.09:357][  0]LogTemp: Display: Loaded TP MacClientTargetPlatform
[2017.11.06-13.24.09:410][  0]LogTemp: Display: Loaded TP MacNoEditorTargetPlatform
[2017.11.06-13.24.09:462][  0]LogTemp: Display: Loaded TP MacServerTargetPlatform
[2017.11.06-13.24.09:551][  0]LogTemp: Display: Loaded TP MacTargetPlatform
[2017.11.06-13.24.09:604][  0]LogTemp: Display: Loaded TP WindowsClientTargetPlatform
[2017.11.06-13.24.09:654][  0]LogTemp: Display: Loaded TP WindowsNoEditorTargetPlatform
[2017.11.06-13.24.09:711][  0]LogTemp: Display: Loaded TP WindowsServerTargetPlatform
[2017.11.06-13.24.09:753][  0]LogTemp: Display: Loaded TP WindowsTargetPlatform
[2017.11.06-13.24.09:846][  0]LogTemp: Display: Loaded TP AndroidTargetPlatform
[2017.11.06-13.24.09:967][  0]LogTemp: Display: Loaded TP Android_ASTCTargetPlatform
[2017.11.06-13.24.10:030][  0]LogTemp: Display: Loaded TP Android_ATCTargetPlatform
[2017.11.06-13.24.10:090][  0]LogTemp: Display: Loaded TP Android_DXTTargetPlatform
[2017.11.06-13.24.10:139][  0]LogTemp: Display: Loaded TP Android_ETC1TargetPlatform
[2017.11.06-13.24.10:189][  0]LogTemp: Display: Loaded TP Android_ETC2TargetPlatform
[2017.11.06-13.24.10:290][  0]LogTemp: Display: Loaded TP Android_MultiTargetPlatform
[2017.11.06-13.24.10:290][  0]LogTemp: Display: Loaded TP Android_PVRTCTargetPlatform
[2017.11.06-13.24.10:326][  0]LogTemp: Display: Loaded TP HTML5TargetPlatform
[2017.11.06-13.24.10:612][  0]LogTemp: Display: Loaded TP IOSTargetPlatform
[2017.11.06-13.24.10:676][  0]LogTemp: Display: Loaded TP TVOSTargetPlatform
[2017.11.06-13.24.10:750][  0]LogTemp: Display: Loaded TP LinuxClientTargetPlatform
[2017.11.06-13.24.10:814][  0]LogTemp: Display: Loaded TP LinuxNoEditorTargetPlatform
[2017.11.06-13.24.10:863][  0]LogTemp: Display: Loaded TP LinuxServerTargetPlatform
[2017.11.06-13.24.10:984][  0]LogTemp: Display: Loaded TP LinuxTargetPlatform
[2017.11.06-13.24.10:984][  0]LogTargetPlatformManager: Display: Building Assets For Windows
[2017.11.06-13.24.13:560][  0]LogDerivedDataCache: Display: Max Cache Size: 512 MB
[2017.11.06-13.24.14:225][  0]LogDerivedDataCache: Loaded boot cache 0.66s 93MB C:/Users/rinke/AppData/Local/UnrealEngine/4.17/DerivedDataCache/Boot.ddc.
[2017.11.06-13.24.14:225][  0]LogDerivedDataCache: Display: Loaded Boot cache: C:/Users/rinke/AppData/Local/UnrealEngine/4.17/DerivedDataCache/Boot.ddc
[2017.11.06-13.24.14:226][  0]LogDerivedDataCache: FDerivedDataBackendGraph:  Pak pak cache file ../../../../../GIP/MyProject/DerivedDataCache/DDC.ddp not found, will not use a pak cache.
[2017.11.06-13.24.14:226][  0]LogDerivedDataCache: Unable to find inner node Pak for hierarchical cache Hierarchy.
[2017.11.06-13.24.14:226][  0]LogDerivedDataCache: FDerivedDataBackendGraph:  CompressedPak pak cache file ../../../../../GIP/MyProject/DerivedDataCache/Compressed.ddp not found, will not use a pak cache.
[2017.11.06-13.24.14:226][  0]LogDerivedDataCache: Unable to find inner node CompressedPak for hierarchical cache Hierarchy.
[2017.11.06-13.24.14:335][  0]LogDerivedDataCache: Display: Pak cache opened for reading ../../../Engine/DerivedDataCache/Compressed.ddp.
[2017.11.06-13.24.14:348][  0]LogDerivedDataCache: Using Local data cache path C:/Users/rinke/AppData/Local/UnrealEngine/Common/DerivedDataCache: Writable
[2017.11.06-13.24.14:513][  0]LogMaterial: Verifying Global Shaders for PCD3D_SM5
[2017.11.06-13.24.14:589][  0]LogSlate: Using Freetype 2.6.0
[2017.11.06-13.24.14:776][  0]LogSlate: SlateFontCache - WITH_FREETYPE: 1, WITH_HARFBUZZ: 1
[2017.11.06-13.24.14:779][  0]LogSlate: SlateFontCache - WITH_FREETYPE: 1, WITH_HARFBUZZ: 1
[2017.11.06-13.24.35:025][  0]LogAssetRegistry: FAssetRegistry took 0.0514 seconds to start up
[2017.11.06-13.24.37:935][  0]LogInit: Selected Device Profile: [Windows]
[2017.11.06-13.24.43:909][  0]LogContentStreaming: Texture pool size is 0.00 MB
[2017.11.06-13.24.46:451][  0]LogSimplygon: Simplygon DLL not present - disabling.
[2017.11.06-13.24.46:607][  0]LogMeshReduction: Using SimplygonSwarm for distributed automatic mesh merging
[2017.11.06-13.24.46:621][  0]LogMeshReduction: Using QuadricMeshReduction for automatic static mesh reduction
[2017.11.06-13.24.46:622][  0]LogMeshReduction: No automatic skeletal mesh reduction module available
[2017.11.06-13.24.46:622][  0]LogMeshReduction: No automatic mesh merging module available
[2017.11.06-13.24.46:622][  0]LogMeshMerging: No automatic mesh merging module available
[2017.11.06-13.24.53:111][  0]LogNetVersion: MyProject , NetCL: 3573198, EngineNetVer: 2, GameNetVer: 0 (Checksum: 3113362612)
[2017.11.06-13.24.56:993][  0]LogPackageLocalizationCache: Processed 5 localized package path(s) for 2 prioritized culture(s) in 0.286865 seconds
[2017.11.06-13.24.57:050][  0]LogUObjectArray: 35825 objects as part of root set at end of initial load.
[2017.11.06-13.24.57:050][  0]LogUObjectAllocator: 7529112 out of 0 bytes used by permanent object pool.
[2017.11.06-13.24.57:062][  0]LogUObjectArray: CloseDisregardForGC: 0/0 objects in disregard for GC pool
[2017.11.06-13.24.57:305][  0]LogInit: WinSock: version 1.1 (2.2), MaxSocks=32767, MaxUdp=65467
[2017.11.06-13.25.24:452][  0]LogSubstanceCoreModule: Substance [CPU] Engine Loaded, Max Texture Size = 2048
[2017.11.06-13.25.24:612][  0]LogTcpMessaging: Initializing TcpMessaging bridge
[2017.11.06-13.25.24:678][  0]LogUdpMessaging: Initializing bridge on interface 0.0.0.0:0 to multicast group 230.0.0.1:6666.
[2017.11.06-13.25.27:231][  0]LogMaterial: Uniform references updated for custom material expression Custom.
[2017.11.06-13.25.29:161][  0]SourceControl: Source control is disabled
[2017.11.06-13.25.29:161][  0]SourceControl: Source control is disabled
[2017.11.06-13.25.29:333][  0]SourceControl: Source control is disabled
[2017.11.06-13.25.29:619][  0]SourceControl: Source control is disabled
[2017.11.06-13.25.31:666][  0]LogAndroidPermission: UAndroidPermissionCallbackProxy::GetInstance
[2017.11.06-13.25.32:104][  0]LogOcInput: OculusInput pre-init called
[2017.11.06-13.25.34:896][  0]LogEngine: Initializing Engine...
[2017.11.06-13.25.34:982][  0]LogHMD: Failed to initialize OpenVR with code 110
[2017.11.06-13.25.36:760][  0]LogStats: UGameplayTagsManager::ConstructGameplayTagTree: Construct from data asset -  0.000 s
[2017.11.06-13.25.36:762][  0]LogStats: UGameplayTagsManager::ConstructGameplayTagTree: GameplayTagTreeChangedEvent.Broadcast -  0.000 s
[2017.11.06-13.25.38:132][  0]LogAIModule: Creating AISystem for world Untitled
[2017.11.06-13.25.38:683][  0]LogInit: XAudio2 using 'Speakers (JBL Charge 2 Stereo)' : 2 channels at 44.1 kHz using 16 bits per sample (channel mask 0x3)
[2017.11.06-13.25.38:707][  0]LogInit: FAudioDevice initialized.
[2017.11.06-13.25.38:905][  0]LogDerivedDataCache: Saved boot cache 0.18s 93MB C:/Users/rinke/AppData/Local/UnrealEngine/4.17/DerivedDataCache/Boot.ddc.
[2017.11.06-13.25.38:937][  0]LogInit: Texture streaming: Enabled
[2017.11.06-13.25.39:275][  0]LogEngineSessionManager: EngineSessionManager initialized
[2017.11.06-13.25.40:365][  0]LogInit: Transaction tracking system initialized
[2017.11.06-13.25.41:186][  0]BlueprintLog: New page: Editor Load
[2017.11.06-13.25.44:372][  0]LocalizationService: Localization service is disabled
[2017.11.06-13.25.46:875][  0]LogConsoleResponse: Display: 
[2017.11.06-13.25.52:533][  0]LogFileCache: Scanning file cache for directory 'D:/GIP/MyProject/Content/' took 0.04s
[2017.11.06-13.25.52:533][  0]LogCook: Display: Max memory allowance for cook 16384mb min free memory 0mb
[2017.11.06-13.25.52:534][  0]LogCook: Display: Mobile HDR setting 1
[2017.11.06-13.25.52:569][  0]LogGameplayTags: Display: UGameplayTagsManager::DoneAddingNativeTags. DelegateIsBound: 0
[2017.11.06-13.25.58:395][  0]SourceControl: Source control is disabled
[2017.11.06-13.25.58:497][  0]Cmd: MAP LOAD FILE="../../../../../GIP/MyProject/Content/StarterContent/Maps/Minimal_Default.umap" TEMPLATE=0 SHOWPROGRESS=1 FEATURELEVEL=3
[2017.11.06-13.25.58:633][  0]LightingResults: New page: Lighting Build
[2017.11.06-13.25.59:086][  0]MapCheck: New page: Map Check
[2017.11.06-13.25.59:086][  0]LightingResults: New page: Lighting Build
[2017.11.06-13.26.06:236][  0]LogAIModule: Creating AISystem for world Minimal_Default
[2017.11.06-13.26.07:502][  0]LogEditorServer: Finished looking for orphan Actors (0.000 secs)
[2017.11.06-13.26.07:862][  0]Cmd: MAP CHECKDEP NOCLEARLOG
[2017.11.06-13.26.07:954][  0]MapCheck: Map check complete: 0 Error(s), 0 Warning(s), took 91.676ms to complete.
[2017.11.06-13.26.07:954][  0]LogFileHelpers: Loading map 'Minimal_Default' took 9.493
[2017.11.06-13.26.11:565][  0]LogCollectionManager: Loaded 0 collections in 0.003625 seconds
[2017.11.06-13.26.11:964][  0]LogFileCache: Scanning file cache for directory 'D:/GIP/MyProject/Saved/Collections/' took 0.01s
[2017.11.06-13.26.11:964][  0]LogFileCache: Scanning file cache for directory 'D:/GIP/MyProject/Content/Developers/rinke/Collections/' took 0.02s
[2017.11.06-13.26.11:964][  0]LogFileCache: Scanning file cache for directory 'D:/GIP/MyProject/Content/Collections/' took 0.01s
[2017.11.06-13.26.11:965][  0]LogCollectionManager: Rebuilt the GUID cache for 0 collections in 0.000002 seconds
[2017.11.06-13.26.12:057][  0]LogContentBrowser: Native class hierarchy populated in 0.0678 seconds. Added 2400 classes and 506 folders.
[2017.11.06-13.26.12:372][  0]LogContentBrowser: Native class hierarchy updated for 'WidgetCarousel' in 0.0016 seconds. Added 0 classes and 0 folders.
[2017.11.06-13.26.15:278][  0]LogContentBrowser: Native class hierarchy updated for 'AddContentDialog' in 0.0034 seconds. Added 0 classes and 0 folders.
[2017.11.06-13.26.15:570][  0]LogContentBrowser: Native class hierarchy updated for 'SceneOutliner' in 0.0036 seconds. Added 1 classes and 2 folders.
[2017.11.06-13.26.16:641][  0]LogSlate: Took 0.037269 seconds to synchronously load lazily loaded font '../../../Engine/Content/Slate/Fonts/Roboto-Regular.ttf' (155K)
[2017.11.06-13.26.16:678][  0]LogSlate: Took 0.026096 seconds to synchronously load lazily loaded font '../../../Engine/Content/Slate/Fonts/Roboto-Bold.ttf' (160K)
[2017.11.06-13.26.16:805][  0]LogSlate: Took 0.031945 seconds to synchronously load lazily loaded font '../../../Engine/Content/Editor/Slate/Fonts/FontAwesome.ttf' (139K)
[2017.11.06-13.26.17:574][  0]LogRenderer: Reallocating scene render targets to support 1104x480 Format 10 NumSamples 1 (Frame:1).
[2017.11.06-13.26.18:708][  0]LogSlate: Took 0.035819 seconds to synchronously load lazily loaded font '../../../Engine/Content/Slate/Fonts/Roboto-Light.ttf' (159K)
[2017.11.06-13.26.19:275][  0]LogContentBrowser: Native class hierarchy updated for 'HierarchicalLODOutliner' in 0.0008 seconds. Added 1 classes and 2 folders.
[2017.11.06-13.26.19:276][  0]LogLoad: (Engine Initialization) Total time: 168.06 seconds
[2017.11.06-13.26.19:276][  0]LogLoad: (Engine Initialization) Total Blueprint compile time: 0.00 seconds
[2017.11.06-13.26.19:298][  0]LogExternalProfiler: Found external profiler: VSPerf
[2017.11.06-13.26.19:298][  0]LogExternalProfiler: Using external profiler: VSPerf
[2017.11.06-13.26.20:081][  0]LogContentStreaming: Texture pool size now 1000 MB
[2017.11.06-13.26.22:452][  7]LogAssetRegistry: Asset discovery search completed in 107.4648 seconds
[2017.11.06-13.26.22:457][  7]LogCollectionManager: Rebuilt the object cache for 0 collections in 0.000001 seconds (found 0 objects)
[2017.11.06-13.26.22:457][  7]LogCollectionManager: Fixed up redirectors for 0 collections in 0.000114 seconds (updated 0 objects)
[2017.11.06-13.28.03:305][468]LogSlate: Took 0.000218 seconds to synchronously load lazily loaded font '../../../Engine/Content/Slate/Fonts/Roboto-Light.ttf' (159K)
[2017.11.06-13.28.03:492][468]LogAIModule: Creating AISystem for world GIP2
[2017.11.06-13.28.03:638][468]Cmd: MAP LOAD FILE="../../../../../GIP/MyProject/Content/StarterContent/Maps/GIP2.umap" TEMPLATE=0 SHOWPROGRESS=1 FEATURELEVEL=3
[2017.11.06-13.28.03:638][468]LightingResults: New page: Lighting Build
[2017.11.06-13.28.03:639][468]LoadErrors: New page: Loading map: GIP2.umap
[2017.11.06-13.28.03:676][468]MapCheck: New page: Map Check
[2017.11.06-13.28.03:676][468]LightingResults: New page: Lighting Build
[2017.11.06-13.28.03:868][468]LogEditorServer: Finished looking for orphan Actors (0.000 secs)
[2017.11.06-13.28.04:073][468]Cmd: MAP CHECKDEP NOCLEARLOG
[2017.11.06-13.28.04:239][468]MapCheck: Map check complete: 0 Error(s), 0 Warning(s), took 165.422ms to complete.
[2017.11.06-13.28.04:239][468]LogFileHelpers: Loading map 'GIP2' took 0.638
[2017.11.06-13.28.04:271][468]LogSlate: Took 0.000201 seconds to synchronously load lazily loaded font '../../../Engine/Content/Slate/Fonts/Roboto-Regular.ttf' (155K)
[2017.11.06-13.28.06:317][609]LogAIModule: Creating AISystem for world GIP
[2017.11.06-13.28.06:341][609]Cmd: MAP LOAD FILE="../../../../../GIP/MyProject/Content/StarterContent/Maps/GIP.umap" TEMPLATE=0 SHOWPROGRESS=1 FEATURELEVEL=3
[2017.11.06-13.28.06:342][609]LightingResults: New page: Lighting Build
[2017.11.06-13.28.06:343][609]LoadErrors: New page: Loading map: GIP.umap
[2017.11.06-13.28.06:343][609]MapCheck: New page: Map Check
[2017.11.06-13.28.06:343][609]LightingResults: New page: Lighting Build
[2017.11.06-13.28.06:398][609]LogEditorServer: Finished looking for orphan Actors (0.000 secs)
[2017.11.06-13.28.06:477][609]Cmd: MAP CHECKDEP NOCLEARLOG
[2017.11.06-13.28.06:535][609]MapCheck: Map check complete: 0 Error(s), 0 Warning(s), took 57.664ms to complete.
[2017.11.06-13.28.06:536][609]LogFileHelpers: Loading map 'GIP' took 0.195
[2017.11.06-13.28.11:640][ 50]LogEditorViewport: Clicking on Actor (LMB): StaticMeshActor (stanford-bunny)
[2017.11.06-13.28.18:492][503]LogEditorViewport: Clicking on Actor (LMB): StaticMeshActor (Floor)
[2017.11.06-13.28.19:087][541]LogEditorViewport: Clicking on Actor (LMB): BP_Sky_Sphere_C (Sky Sphere)
[2017.11.06-13.28.21:325][723]LogEditorViewport: Clicking on Actor (LMB): BP_Sky_Sphere_C (Sky Sphere)
[2017.11.06-13.28.26:024][119]LogRenderer: Reallocating scene render targets to support 1104x492 Format 10 NumSamples 1 (Frame:1541).
[2017.11.06-13.28.26:075][120]LogRenderer: Reallocating scene render targets to support 1104x500 Format 10 NumSamples 1 (Frame:1543).
[2017.11.06-13.28.26:150][121]LogRenderer: Reallocating scene render targets to support 1104x508 Format 10 NumSamples 1 (Frame:1545).
[2017.11.06-13.28.26:211][122]LogRenderer: Reallocating scene render targets to support 1104x516 Format 10 NumSamples 1 (Frame:1547).
[2017.11.06-13.28.26:284][123]LogRenderer: Reallocating scene render targets to support 1104x520 Format 10 NumSamples 1 (Frame:1549).
[2017.11.06-13.28.26:352][124]LogRenderer: Reallocating scene render targets to support 1104x524 Format 10 NumSamples 1 (Frame:1551).
[2017.11.06-13.43.16:954][474]Cmd: STAT GPU
[2017.11.06-13.43.40:567][882]LogEditorViewport: Clicking on Actor (LMB): StaticMeshActor (Floor)
[2017.11.06-13.43.44:255][ 83]LogEditorViewport: Clicking on Actor (LMB): BP_Sky_Sphere_C (Sky Sphere)
[2017.11.06-13.43.46:080][202]LogTemp: Repeating last play command: Selected Viewport
[2017.11.06-13.43.46:367][202]LogPlayLevel: PlayLevel: No blueprints needed recompiling
[2017.11.06-13.43.46:514][202]PIE: New page: PIE session: GIP (6 Nov 2017 15:43:46)
[2017.11.06-13.43.46:534][202]LogPlayLevel: Creating play world package: /Game/StarterContent/Maps/UEDPIE_0_GIP
[2017.11.06-13.43.46:597][202]LogPlayLevel: PIE: StaticDuplicateObject took: (0.063620s)
[2017.11.06-13.43.46:600][202]LogAIModule: Creating AISystem for world GIP
[2017.11.06-13.43.46:602][202]LogPlayLevel: PIE: World Init took: (0.004211s)
[2017.11.06-13.43.46:615][202]LogPlayLevel: PIE: Created PIE world by copying editor world from /Game/StarterContent/Maps/GIP.GIP to /Game/StarterContent/Maps/UEDPIE_0_GIP.GIP (0.087428s)
[2017.11.06-13.43.46:704][202]LogInit: XAudio2 using 'Speakers (JBL Charge 2 Stereo)' : 2 channels at 44.1 kHz using 16 bits per sample (channel mask 0x3)
[2017.11.06-13.43.46:721][202]LogInit: FAudioDevice initialized.
[2017.11.06-13.43.46:860][202]LogLoad: Game class is 'GameModeBase'
[2017.11.06-13.43.47:078][202]LogWorld: Bringing World /Game/StarterContent/Maps/UEDPIE_0_GIP.GIP up for play (max tick rate 0) at 2017.11.06-14.43.47
[2017.11.06-13.43.47:135][202]LogWorld: Bringing up level for play took: 0.063517
[2017.11.06-13.43.47:385][202]LogGameMode: FindPlayerStart: PATHS NOT DEFINED or NO PLAYERSTART with positive rating
[2017.11.06-13.43.47:714][202]LogContentBrowser: Native class hierarchy updated for 'MovieSceneCapture' in 0.0057 seconds. Added 11 classes and 0 folders.
[2017.11.06-13.43.47:926][202]PIE: Play in editor start time for /Game/StarterContent/Maps/UEDPIE_0_GIP 1.53
[2017.11.06-13.48.35:253][142]LogEditorViewport: Clicking on Actor (LMB): StaticMeshActor (stanford-bunny)
[2017.11.06-13.48.52:794][ 51]LogContentBrowser: Native class hierarchy updated for 'MaterialEditor' in 0.0009 seconds. Added 1 classes and 0 folders.
[2017.11.06-13.49.04:934][661]Cmd: OBJ SAVEPACKAGE PACKAGE="/Game/dissolve_m_Inst" FILE="../../../../../GIP/MyProject/Content/dissolve_m_Inst.uasset" SILENT=true
[2017.11.06-13.49.05:017][661]LogMaterial: Missing cached shader map for material FDebugViewModeMaterialProxy dissolve_m_Inst, compiling. 
[2017.11.06-13.49.06:809][661]TextureStreamingBuild: Display: Compiling optional shaders took 1.833 seconds.
[2017.11.06-13.49.07:306][661]LogSavePackage: Save=161.80ms
[2017.11.06-13.49.07:307][661]LogSavePackage: Moving '../../../../../GIP/MyProject/Saved/dissolve_m_InstE714FDEC41936D1CBD445FB3CC24AE77.tmp' to '../../../../../GIP/MyProject/Content/dissolve_m_Inst.uasset'
[2017.11.06-13.49.07:378][661]LogSavePackage: Display: Finished SavePackage ../../../../../GIP/MyProject/Content/dissolve_m_Inst.uasset
[2017.11.06-13.49.11:777][931]Cmd: STAT GPU
[2017.11.06-13.49.13:941][ 87]LogEditorViewport: Clicking on Actor (LMB): BP_Sky_Sphere_C (Sky Sphere)
[2017.11.06-13.49.15:620][199]LogEditorViewport: Clicking on Actor (LMB): StaticMeshActor (stanford-bunny)
[2017.11.06-13.49.22:942][572]Cmd: OBJ SAVEPACKAGE PACKAGE="/Game/dissolve_m_Inst" FILE="../../../../../GIP/MyProject/Content/dissolve_m_Inst.uasset" SILENT=true
[2017.11.06-13.49.22:998][572]LogMaterial: Missing cached shader map for material FDebugViewModeMaterialProxy dissolve_m_Inst, compiling. 
[2017.11.06-13.49.23:286][572]TextureStreamingBuild: Display: Compiling optional shaders took 0.296 seconds.
[2017.11.06-13.49.23:337][572]LogSavePackage: Save=29.14ms
[2017.11.06-13.49.23:337][572]LogSavePackage: Moving '../../../../../GIP/MyProject/Saved/dissolve_m_Inst7D6B60E54DB212859609EB92989E2EC8.tmp' to '../../../../../GIP/MyProject/Content/dissolve_m_Inst.uasset'
[2017.11.06-13.49.23:340][572]LogSavePackage: Display: Finished SavePackage ../../../../../GIP/MyProject/Content/dissolve_m_Inst.uasset
[2017.11.06-13.49.24:582][643]LogEditorViewport: Clicking on Actor (LMB): BP_Sky_Sphere_C (Sky Sphere)
[2017.11.06-13.49.44:469][ 23]LogSlate: Took 0.000427 seconds to synchronously load lazily loaded font '../../../Engine/Content/Slate/Fonts/Roboto-Light.ttf' (159K)
[2017.11.06-13.49.53:658][ 50]Cmd: OBJ SAVEPACKAGE PACKAGE="/Game/StarterContent/Maps/GIP" FILE="../../../../../GIP/MyProject/Saved/Autosaves/Game/StarterContent/Maps/GIP_Auto1.umap" SILENT=true AUTOSAVING=true KEEPDIRTY=false
[2017.11.06-13.49.53:957][ 50]LogSavePackage: Save=235.60ms
[2017.11.06-13.49.53:957][ 50]LogSavePackage: Moving '../../../../../GIP/MyProject/Saved/GIP_Auto19FAD73E34DED982EDA476184FE0C7348.tmp' to '../../../../../GIP/MyProject/Saved/Autosaves/Game/StarterContent/Maps/GIP_Auto1.umap'
[2017.11.06-13.49.53:958][ 50]LogSavePackage: Display: Finished SavePackage ../../../../../GIP/MyProject/Saved/Autosaves/Game/StarterContent/Maps/GIP_Auto1.umap
[2017.11.06-13.49.53:990][ 50]LogFileHelpers: Editor autosave (incl. sublevels) for '/Game/StarterContent/Maps/GIP' took 0.477
[2017.11.06-13.49.53:990][ 50]LogFileHelpers: Editor autosave (incl. sublevels) for all levels took 0.477
[2017.11.06-13.50.42:935][253]LogEditorViewport: Clicking on Actor (LMB): BP_Sky_Sphere_C (Sky Sphere)
[2017.11.06-13.52.04:022][535]Cmd: STAT Engine
[2017.11.06-13.52.08:545][681]Cmd: STAT Engine
[2017.11.06-13.52.11:863][868]Cmd: STAT GPU
[2017.11.06-13.52.15:101][ 62]LogTemp: Repeating last play command: Selected Viewport
[2017.11.06-13.52.15:119][ 62]LogPlayLevel: PlayLevel: No blueprints needed recompiling
[2017.11.06-13.52.15:119][ 62]PIE: New page: PIE session: GIP (6 Nov 2017 15:52:15)
[2017.11.06-13.52.15:119][ 62]LogPlayLevel: Creating play world package: /Game/StarterContent/Maps/UEDPIE_0_GIP
[2017.11.06-13.52.15:122][ 62]LogPlayLevel: PIE: StaticDuplicateObject took: (0.002491s)
[2017.11.06-13.52.15:123][ 62]LogAIModule: Creating AISystem for world GIP
[2017.11.06-13.52.15:123][ 62]LogPlayLevel: PIE: World Init took: (0.001170s)
[2017.11.06-13.52.15:123][ 62]LogPlayLevel: PIE: Created PIE world by copying editor world from /Game/StarterContent/Maps/GIP.GIP to /Game/StarterContent/Maps/UEDPIE_0_GIP.GIP (0.003984s)
[2017.11.06-13.52.15:144][ 62]LogInit: XAudio2 using 'Speakers (JBL Charge 2 Stereo)' : 2 channels at 44.1 kHz using 16 bits per sample (channel mask 0x3)
[2017.11.06-13.52.15:153][ 62]LogInit: FAudioDevice initialized.
[2017.11.06-13.52.15:190][ 62]LogLoad: Game class is 'GameModeBase'
[2017.11.06-13.52.15:192][ 62]LogWorld: Bringing World /Game/StarterContent/Maps/UEDPIE_0_GIP.GIP up for play (max tick rate 60) at 2017.11.06-14.52.15
[2017.11.06-13.52.15:192][ 62]LogWorld: Bringing up level for play took: 0.001576
[2017.11.06-13.52.15:193][ 62]LogGameMode: FindPlayerStart: PATHS NOT DEFINED or NO PLAYERSTART with positive rating
[2017.11.06-13.52.15:194][ 62]PIE: Play in editor start time for /Game/StarterContent/Maps/UEDPIE_0_GIP 0.799
[2017.11.06-14.27.12:218][694]Cmd: STAT GPU
[2017.11.06-14.27.16:381][897]LogMaterial: Missing cached shader map for material dissolve_m, compiling. 
[2017.11.06-14.27.17:042][897]LogMaterial: Missing cached shader map for material dissolve_m, compiling. 
[2017.11.06-14.27.17:183][897]LogMaterial: Missing cached shader map for material dissolve_m, compiling. 
[2017.11.06-14.27.17:254][897]LogMaterial: Missing cached shader map for material FMatExpressionPreview MaterialExpressionTextureSampleParameter2D_0, compiling. 
[2017.11.06-14.27.17:261][897]LogMaterial: Missing cached shader map for material FMatExpressionPreview MaterialExpressionVectorParameter_2, compiling. 
[2017.11.06-14.27.17:268][897]LogMaterial: Missing cached shader map for material FMatExpressionPreview MaterialExpressionVectorParameter_4, compiling. 
[2017.11.06-14.27.17:274][897]LogMaterial: Missing cached shader map for material FMatExpressionPreview MaterialExpressionVectorParameter_5, compiling. 
[2017.11.06-14.27.17:281][897]LogMaterial: Missing cached shader map for material FMatExpressionPreview MaterialExpressionTextureSampleParameter2D_1, compiling. 
[2017.11.06-14.27.17:316][897]LogSlate: Took 0.024923 seconds to synchronously load lazily loaded font '../../../Engine/Content/Editor/Slate/Fonts/Roboto-BoldCondensed.ttf' (158K)
[2017.11.06-14.27.18:289][900]LogSlate: Took 0.012965 seconds to synchronously load lazily loaded font '../../../Engine/Content/Editor/Slate/Fonts/Roboto-Italic.ttf' (157K)
[2017.11.06-14.27.21:691][ 97]MaterialEditorStats: Base pass shader: 104 instructions
[2017.11.06-14.27.21:691][ 97]MaterialEditorStats: Vertex shader: 31 instructions
[2017.11.06-14.27.21:691][ 97]MaterialEditorStats: Texture samplers: 5/16
[2017.11.06-14.27.21:691][ 97]MaterialEditorStats: User interpolators: 2/4 Scalars (1/4 Vectors) (TexCoords: 2, Custom: 0)
[2017.11.06-14.27.37:495][ 32]LogMaterialEditor: Saving and Compiling material dissolve_m
[2017.11.06-14.31.30:613][341]LogMaterial: Missing cached shader map for material dissolve_m, compiling. 
[2017.11.06-14.31.35:086][599]MaterialEditorStats: Base pass shader: 104 instructions
[2017.11.06-14.31.35:086][599]MaterialEditorStats: Vertex shader: 31 instructions
[2017.11.06-14.31.35:086][599]MaterialEditorStats: Texture samplers: 5/16
[2017.11.06-14.31.35:086][599]MaterialEditorStats: User interpolators: 2/4 Scalars (1/4 Vectors) (TexCoords: 2, Custom: 0)
[2017.11.06-14.47.55:540][239]Cmd: QUIT_EDITOR
[2017.11.06-14.47.56:624][239]LogWindowsTextInputMethodSystem: Display: IME system now deactivated.
[2017.11.06-14.47.56:747][239]LogExit: Preparing to exit.
[2017.11.06-14.47.58:403][239]LogDirectoryWatcher: A directory notification for 'D:/GIP/MyProject/Content/' was aborted.
[2017.11.06-14.47.58:572][239]LogExit: Editor shut down
[2017.11.06-14.47.58:609][239]LogExit: Transaction tracking system shut down
[2017.11.06-14.47.58:927][239]LogDirectoryWatcher: A directory notification for '../../../Engine/Content/' was aborted.
[2017.11.06-14.47.58:927][239]LogDirectoryWatcher: A directory notification for '../../../../../GIP/MyProject/Content/' was aborted.
[2017.11.06-14.47.58:927][239]LogDirectoryWatcher: A directory notification for '../../../Engine/Plugins/2D/Paper2D/Content/' was aborted.
[2017.11.06-14.47.58:927][239]LogDirectoryWatcher: A directory notification for '../../../Engine/Plugins/Runtime/Oculus/OculusVR/Content/' was aborted.
[2017.11.06-14.47.58:927][239]LogDirectoryWatcher: A directory notification for '../../../Engine/Plugins/Runtime/Steam/SteamVR/Content/' was aborted.
[2017.11.06-14.48.01:587][239]LogExit: Object subsystem successfully closed.
[2017.11.06-14.48.01:753][239]LogD3D11RHI: Shutdown
[2017.11.06-14.48.01:761][239]LogD3D11RHI: CleanupD3DDevice
[2017.11.06-14.48.01:785][239]LogD3D11RHI: ~FD3D11DynamicRHI
[2017.11.06-14.48.03:068][239]LogModuleManager: Shutting down and abandoning module MaterialEditor (542)
[2017.11.06-14.48.03:068][239]LogModuleManager: Shutting down and abandoning module HierarchicalLODUtilities (540)
[2017.11.06-14.48.03:068][239]LogModuleManager: Shutting down and abandoning module MovieSceneCapture (538)
[2017.11.06-14.48.03:068][239]LogModuleManager: Shutting down and abandoning module HierarchicalLODOutliner (536)
[2017.11.06-14.48.03:068][239]LogModuleManager: Shutting down and abandoning module SceneOutliner (534)
[2017.11.06-14.48.03:082][239]LogModuleManager: Shutting down and abandoning module AddContentDialog (532)
[2017.11.06-14.48.03:109][239]LogDirectoryWatcher: A directory notification for 'D:/UnrealEngine/UE_4.17/FeaturePacks/' was aborted.
[2017.11.06-14.48.03:137][239]LogModuleManager: Shutting down and abandoning module WidgetCarousel (531)
[2017.11.06-14.48.03:137][239]LogModuleManager: Shutting down and abandoning module EditorWidgets (528)
[2017.11.06-14.48.03:137][239]LogModuleManager: Shutting down and abandoning module CollectionManager (526)
[2017.11.06-14.48.03:153][239]LogDirectoryWatcher: A directory notification for 'D:/GIP/MyProject/Content/Collections/' was aborted.
[2017.11.06-14.48.03:153][239]LogDirectoryWatcher: A directory notification for 'D:/GIP/MyProject/Content/Developers/rinke/Collections/' was aborted.
[2017.11.06-14.48.03:153][239]LogDirectoryWatcher: A directory notification for 'D:/GIP/MyProject/Saved/Collections/' was aborted.
[2017.11.06-14.48.03:153][239]LogModuleManager: Shutting down and abandoning module StatsViewer (524)
[2017.11.06-14.48.03:175][239]LogModuleManager: Shutting down and abandoning module FoliageEdit (522)
[2017.11.06-14.48.03:175][239]LogModuleManager: Shutting down and abandoning module LandscapeEditor (520)
[2017.11.06-14.48.03:201][239]LogModuleManager: Shutting down and abandoning module MeshPaintMode (518)
[2017.11.06-14.48.03:201][239]LogModuleManager: Shutting down and abandoning module SceneDepthPickerMode (516)
[2017.11.06-14.48.03:201][239]LogModuleManager: Shutting down and abandoning module ActorPickerMode (514)
[2017.11.06-14.48.03:201][239]LogModuleManager: Shutting down and abandoning module GeometryMode (512)
[2017.11.06-14.48.03:201][239]LogModuleManager: Shutting down and abandoning module TextureAlignMode (510)
[2017.11.06-14.48.03:201][239]LogModuleManager: Shutting down and abandoning module BspMode (508)
[2017.11.06-14.48.03:215][239]LogModuleManager: Shutting down and abandoning module PIEPreviewDeviceProfileSelector (506)
[2017.11.06-14.48.03:215][239]LogModuleManager: Shutting down and abandoning module HardwareSurvey (504)
[2017.11.06-14.48.03:215][239]LogModuleManager: Shutting down and abandoning module SequenceRecorderSections (502)
[2017.11.06-14.48.03:215][239]LogModuleManager: Shutting down and abandoning module AutomationWorker (500)
[2017.11.06-14.48.03:228][239]LogModuleManager: Shutting down and abandoning module MatineeToLevelSequence (498)
[2017.11.06-14.48.03:241][239]LogModuleManager: Shutting down and abandoning module LevelSequenceEditor (496)
[2017.11.06-14.48.03:366][239]LogModuleManager: Shutting down and abandoning module PlacementMode (495)
[2017.11.06-14.48.03:366][239]LogModuleManager: Shutting down and abandoning module WmfMediaFactory (492)
[2017.11.06-14.48.03:366][239]LogModuleManager: Shutting down and abandoning module WmfMediaEditor (490)
[2017.11.06-14.48.03:366][239]LogModuleManager: Shutting down and abandoning module AvfMediaFactory (488)
[2017.11.06-14.48.03:366][239]LogModuleManager: Shutting down and abandoning module AvfMediaEditor (486)
[2017.11.06-14.48.03:366][239]LogModuleManager: Shutting down and abandoning module AndroidMediaFactory (484)
[2017.11.06-14.48.03:366][239]LogModuleManager: Shutting down and abandoning module Media (483)
[2017.11.06-14.48.03:366][239]LogModuleManager: Shutting down and abandoning module AndroidMediaEditor (480)
[2017.11.06-14.48.03:366][239]LogModuleManager: Shutting down and abandoning module CharacterAI (478)
[2017.11.06-14.48.03:366][239]LogModuleManager: Shutting down and abandoning module AudioCapture (476)
[2017.11.06-14.48.03:366][239]LogModuleManager: Shutting down and abandoning module SequenceRecorder (475)
[2017.11.06-14.48.03:370][239]LogModuleManager: Shutting down and abandoning module SmartSnapping (472)
[2017.11.06-14.48.03:370][239]LogModuleManager: Shutting down and abandoning module SessionServices (470)
[2017.11.06-14.48.03:370][239]LogModuleManager: Shutting down and abandoning module ViewportSnapping (468)
[2017.11.06-14.48.03:370][239]LogModuleManager: Shutting down and abandoning module ViewportInteraction (466)
[2017.11.06-14.48.03:370][239]LogModuleManager: Shutting down and abandoning module ClothPainter (464)
[2017.11.06-14.48.03:408][239]LogModuleManager: Shutting down and abandoning module LogVisualizer (462)
[2017.11.06-14.48.03:438][239]LogModuleManager: Shutting down and abandoning module IntroTutorials (460)
[2017.11.06-14.48.03:462][239]LogModuleManager: Shutting down and abandoning module GameProjectGeneration (459)
[2017.11.06-14.48.03:487][239]LogModuleManager: Shutting down and abandoning module IOSPlatformEditor (456)
[2017.11.06-14.48.03:502][239]LogModuleManager: Shutting down and abandoning module HTML5PlatformEditor (454)
[2017.11.06-14.48.03:502][239]LogModuleManager: Shutting down and abandoning module AndroidPlatformEditor (452)
[2017.11.06-14.48.03:502][239]LogModuleManager: Shutting down and abandoning module AndroidDeviceDetection (451)
[2017.11.06-14.48.03:954][239]LogModuleManager: Shutting down and abandoning module WindowsPlatformEditor (448)
[2017.11.06-14.48.03:954][239]LogModuleManager: Shutting down and abandoning module IOSRuntimeSettings (446)
[2017.11.06-14.48.03:955][239]LogModuleManager: Shutting down and abandoning module AndroidRuntimeSettings (444)
[2017.11.06-14.48.03:955][239]LogModuleManager: Shutting down and abandoning module InputBindingEditor (442)
[2017.11.06-14.48.03:989][239]LogModuleManager: Shutting down and abandoning module MergeActors (440)
[2017.11.06-14.48.04:004][239]LogModuleManager: Shutting down and abandoning module SizeMap (438)
[2017.11.06-14.48.04:004][239]LogModuleManager: Shutting down and abandoning module TreeMap (436)
[2017.11.06-14.48.04:034][239]LogModuleManager: Shutting down and abandoning module ReferenceViewer (434)
[2017.11.06-14.48.04:034][239]LogModuleManager: Shutting down and abandoning module LocalizationDashboard (432)
[2017.11.06-14.48.04:060][239]LogModuleManager: Shutting down and abandoning module LocalizationService (431)
[2017.11.06-14.48.04:069][239]LogModuleManager: Shutting down and abandoning module HardwareTargeting (428)
[2017.11.06-14.48.04:069][239]LogModuleManager: Shutting down and abandoning module DeviceProfileEditor (426)
[2017.11.06-14.48.04:080][239]LogModuleManager: Shutting down and abandoning module UndoHistory (424)
[2017.11.06-14.48.04:080][239]LogModuleManager: Shutting down and abandoning module XmlParser (422)
[2017.11.06-14.48.04:080][239]LogModuleManager: Shutting down and abandoning module Blutility (420)
[2017.11.06-14.48.04:080][239]LogModuleManager: Shutting down and abandoning module ProjectSettingsViewer (418)
[2017.11.06-14.48.04:080][239]LogModuleManager: Shutting down and abandoning module ProjectTargetPlatformEditor (417)
[2017.11.06-14.48.04:080][239]LogModuleManager: Shutting down and abandoning module EditorSettingsViewer (414)
[2017.11.06-14.48.04:080][239]LogModuleManager: Shutting down and abandoning module SettingsEditor (412)
[2017.11.06-14.48.04:101][239]LogModuleManager: Shutting down and abandoning module ProjectLauncher (410)
[2017.11.06-14.48.04:108][239]LogModuleManager: Shutting down and abandoning module SessionFrontend (408)
[2017.11.06-14.48.04:122][239]LogModuleManager: Shutting down and abandoning module ProfilerClient (406)
[2017.11.06-14.48.04:140][239]LogModuleManager: Shutting down and abandoning module DeviceManager (404)
[2017.11.06-14.48.04:159][239]LogModuleManager: Shutting down and abandoning module TargetDeviceServices (403)
[2017.11.06-14.48.04:225][239]LogModuleManager: Shutting down and abandoning module AutomationController (400)
[2017.11.06-14.48.04:257][239]LogModuleManager: Shutting down and abandoning module AutomationWindow (398)
[2017.11.06-14.48.04:299][239]LogModuleManager: Shutting down and abandoning module Layers (396)
[2017.11.06-14.48.04:338][239]LogModuleManager: Shutting down and abandoning module ComponentVisualizers (394)
[2017.11.06-14.48.04:338][239]LogModuleManager: Shutting down and abandoning module DetailCustomizations (392)
[2017.11.06-14.48.04:348][239]LogModuleManager: Shutting down and abandoning module PackagesDialog (390)
[2017.11.06-14.48.04:348][239]LogModuleManager: Shutting down and abandoning module Persona (388)
[2017.11.06-14.48.04:373][239]LogModuleManager: Shutting down and abandoning module AdvancedPreviewScene (387)
[2017.11.06-14.48.04:373][239]LogModuleManager: Shutting down and abandoning module AnimGraph (385)
[2017.11.06-14.48.04:392][239]LogModuleManager: Shutting down and abandoning module Kismet (382)
[2017.11.06-14.48.04:418][239]LogModuleManager: Shutting down and abandoning module ClassViewer (380)
[2017.11.06-14.48.04:418][239]LogModuleManager: Shutting down and abandoning module Toolbox (378)
[2017.11.06-14.48.04:418][239]LogModuleManager: Shutting down and abandoning module ModuleUI (376)
[2017.11.06-14.48.04:427][239]LogModuleManager: Shutting down and abandoning module MovieSceneTools (374)
[2017.11.06-14.48.04:458][239]LogModuleManager: Shutting down and abandoning module OutputLog (372)
[2017.11.06-14.48.04:467][239]LogModuleManager: Shutting down and abandoning module GammaUI (370)
[2017.11.06-14.48.04:481][239]LogModuleManager: Shutting down and abandoning module Documentation (368)
[2017.11.06-14.48.04:481][239]LogModuleManager: Shutting down and abandoning module MovieSceneTracks (366)
[2017.11.06-14.48.04:481][239]LogModuleManager: Shutting down and abandoning module MovieScene (364)
[2017.11.06-14.48.04:495][239]LogModuleManager: Shutting down and abandoning module Niagara (362)
[2017.11.06-14.48.04:495][239]LogModuleManager: Shutting down and abandoning module NiagaraEditor (361)
[2017.11.06-14.48.04:528][239]LogModuleManager: Shutting down and abandoning module StreamingPauseRendering (358)
[2017.11.06-14.48.04:528][239]LogModuleManager: Shutting down and abandoning module LauncherPlatform (356)
[2017.11.06-14.48.04:528][239]LogModuleManager: Shutting down and abandoning module AnalyticsET (354)
[2017.11.06-14.48.04:528][239]LogModuleManager: Shutting down and abandoning module PortalServices (352)
[2017.11.06-14.48.04:528][239]LogModuleManager: Shutting down and abandoning module PortalRpc (350)
[2017.11.06-14.48.04:528][239]LogModuleManager: Shutting down and abandoning module MessagingRpc (348)
[2017.11.06-14.48.04:528][239]LogModuleManager: Shutting down and abandoning module AIModule (346)
[2017.11.06-14.48.04:528][239]LogModuleManager: Shutting down and abandoning module GameplayDebugger (345)
[2017.11.06-14.48.04:528][239]LogModuleManager: Shutting down and abandoning module AITestSuite (343)
[2017.11.06-14.48.04:542][239]LogModuleManager: Shutting down and abandoning module ProfilerService (340)
[2017.11.06-14.48.04:599][239]LogModuleManager: Shutting down and abandoning module TaskGraph (338)
[2017.11.06-14.48.04:625][239]LogModuleManager: Shutting down and abandoning module SubstanceSource (336)
[2017.11.06-14.48.04:664][239]LogModuleManager: Shutting down and abandoning module SubstanceEditor (334)
[2017.11.06-14.48.04:686][239]LogModuleManager: Shutting down and abandoning module SteamVRController (332)
[2017.11.06-14.48.04:686][239]LogModuleManager: Shutting down and abandoning module ProceduralMeshComponentEditor (330)
[2017.11.06-14.48.04:686][239]LogModuleManager: Shutting down and abandoning module ProceduralMeshComponent (328)
[2017.11.06-14.48.04:686][239]LogModuleManager: Shutting down and abandoning module OculusInput (326)
[2017.11.06-14.48.04:686][239]LogModuleManager: Shutting down and abandoning module MobilePatchingUtils (324)
[2017.11.06-14.48.04:686][239]LogModuleManager: Shutting down and abandoning module CustomMeshComponent (322)
[2017.11.06-14.48.04:686][239]LogModuleManager: Shutting down and abandoning module CableComponent (320)
[2017.11.06-14.48.04:686][239]LogModuleManager: Shutting down and abandoning module ArchVisCharacter (318)
[2017.11.06-14.48.04:686][239]LogModuleManager: Shutting down and abandoning module AndroidPermission (316)
[2017.11.06-14.48.04:686][239]LogModuleManager: Shutting down and abandoning module MediaPlayerEditor (312)
[2017.11.06-14.48.04:733][239]LogModuleManager: Shutting down and abandoning module HTML5Networking (310)
[2017.11.06-14.48.04:733][239]LogModuleManager: Shutting down and abandoning module AlembicImporter (308)
[2017.11.06-14.48.04:733][239]LogModuleManager: Shutting down and abandoning module AlembicLibrary (307)
[2017.11.06-14.48.04:733][239]LogModuleManager: Shutting down and abandoning module GeometryCache (306)
[2017.11.06-14.48.04:733][239]LogModuleManager: Shutting down and abandoning module GeometryCacheEd (305)
[2017.11.06-14.48.04:733][239]LogModuleManager: Shutting down and abandoning module SpeedTreeImporter (300)
[2017.11.06-14.48.04:733][239]LogModuleManager: Shutting down and abandoning module PluginBrowser (298)
[2017.11.06-14.48.04:759][239]LogModuleManager: Shutting down and abandoning module MobileLauncherProfileWizard (296)
[2017.11.06-14.48.04:772][239]LogModuleManager: Shutting down and abandoning module VisualStudioSourceCodeAccess (294)
[2017.11.06-14.48.04:772][239]LogModuleManager: Shutting down and abandoning module DesktopPlatform (293)
[2017.11.06-14.48.04:780][239]LogModuleManager: Shutting down and abandoning module UObjectPlugin (290)
[2017.11.06-14.48.04:780][239]LogModuleManager: Shutting down and abandoning module SubversionSourceControl (288)
[2017.11.06-14.48.04:790][239]LogModuleManager: Shutting down and abandoning module PerforceSourceControl (286)
[2017.11.06-14.48.04:802][239]LogModuleManager: Shutting down and abandoning module GitSourceControl (284)
[2017.11.06-14.48.04:808][239]LogModuleManager: Shutting down and abandoning module SourceControl (283)
[2017.11.06-14.48.04:819][239]LogModuleManager: Shutting down and abandoning module LightPropagationVolumeEditor (280)
[2017.11.06-14.48.04:819][239]LogModuleManager: Shutting down and abandoning module PaperTiledImporter (278)
[2017.11.06-14.48.04:819][239]LogModuleManager: Shutting down and abandoning module PaperSpriteSheetImporter (276)
[2017.11.06-14.48.04:819][239]LogModuleManager: Shutting down and abandoning module Paper2DEditor (274)
[2017.11.06-14.48.04:836][239]LogModuleManager: Shutting down and abandoning module MeshPaint (273)
[2017.11.06-14.48.04:853][239]LogModuleManager: Shutting down and abandoning module LevelEditor (271)
[2017.11.06-14.48.04:866][239]LogModuleManager: Shutting down and abandoning module PixelInspectorModule (270)
[2017.11.06-14.48.04:883][239]LogModuleManager: Shutting down and abandoning module MainFrame (268)
[2017.11.06-14.48.04:883][239]LogModuleManager: Shutting down and abandoning module HotReload (267)
[2017.11.06-14.48.04:890][239]LogModuleManager: Shutting down and abandoning module RuntimePhysXCooking (262)
[2017.11.06-14.48.04:890][239]LogModuleManager: Shutting down and abandoning module PhysXVehiclesEditor (260)
[2017.11.06-14.48.04:890][239]LogModuleManager: Shutting down and abandoning module PhysXVehicles (258)
[2017.11.06-14.48.04:890][239]LogModuleManager: Shutting down and abandoning module OculusEditor (256)
[2017.11.06-14.48.04:890][239]LogModuleManager: Shutting down and abandoning module LocationServicesBPLibrary (254)
[2017.11.06-14.48.04:890][239]LogModuleManager: Shutting down and abandoning module ImmediatePhysicsEditor (252)
[2017.11.06-14.48.04:890][239]LogModuleManager: Shutting down and abandoning module ImmediatePhysics (250)
[2017.11.06-14.48.04:905][239]LogModuleManager: Shutting down and abandoning module UdpMessaging (248)
[2017.11.06-14.48.05:006][239]LogModuleManager: Shutting down and abandoning module TcpMessaging (246)
[2017.11.06-14.48.05:122][239]LogModuleManager: Shutting down and abandoning module SubstanceCore (244)
[2017.11.06-14.48.05:137][239]LogModuleManager: Shutting down and abandoning module GameplayTagsEditor (242)
[2017.11.06-14.48.05:151][239]LogModuleManager: Shutting down and abandoning module FacialAnimationEditor (240)
[2017.11.06-14.48.05:151][239]LogModuleManager: Shutting down and abandoning module FacialAnimation (238)
[2017.11.06-14.48.05:151][239]LogModuleManager: Shutting down and abandoning module AssetManagerEditor (236)
[2017.11.06-14.48.05:169][239]LogModuleManager: Shutting down and abandoning module GraphEditor (235)
[2017.11.06-14.48.05:169][239]LogModuleManager: Shutting down and abandoning module ContentBrowser (233)
[2017.11.06-14.48.05:171][239]LogModuleManager: Shutting down and abandoning module LightPropagationVolumeRuntime (230)
[2017.11.06-14.48.05:171][239]LogModuleManager: Shutting down and abandoning module Paper2D (228)
[2017.11.06-14.48.05:185][239]LogModuleManager: Shutting down and abandoning module WindowsMoviePlayer (226)
[2017.11.06-14.48.05:185][239]LogModuleManager: Shutting down and abandoning module WmfMedia (224)
[2017.11.06-14.48.05:185][239]LogModuleManager: Shutting down and abandoning module PacketHandler (222)
[2017.11.06-14.48.05:185][239]LogModuleManager: Shutting down and abandoning module ClothingSystemEditor (220)
[2017.11.06-14.48.05:185][239]LogModuleManager: Shutting down and abandoning module ClothingSystemRuntime (218)
[2017.11.06-14.48.05:214][239]LogModuleManager: Shutting down and abandoning module Overlay (216)
[2017.11.06-14.48.05:214][239]LogModuleManager: Shutting down and abandoning module OverlayEditor (215)
[2017.11.06-14.48.05:214][239]LogModuleManager: Shutting down and abandoning module MediaAssets (212)
[2017.11.06-14.48.05:214][239]LogModuleManager: Shutting down and abandoning module VREditor (210)
[2017.11.06-14.48.05:235][239]LogModuleManager: Shutting down and abandoning module StringTableEditor (208)
[2017.11.06-14.48.05:256][239]LogModuleManager: Shutting down and abandoning module GameplayTasksEditor (206)
[2017.11.06-14.48.05:256][239]LogModuleManager: Shutting down and abandoning module BehaviorTreeEditor (204)
[2017.11.06-14.48.05:291][239]LogModuleManager: Shutting down and abandoning module FunctionalTesting (202)
[2017.11.06-14.48.05:291][239]LogModuleManager: Shutting down and abandoning module CollisionAnalyzer (200)
[2017.11.06-14.48.05:303][239]LogModuleManager: Shutting down and abandoning module WorkspaceMenuStructure (199)
[2017.11.06-14.48.05:303][239]LogModuleManager: Shutting down and abandoning module UMG (196)
[2017.11.06-14.48.05:328][239]LogModuleManager: Shutting down and abandoning module UMGEditor (195)
[2017.11.06-14.48.05:376][239]LogModuleManager: Shutting down and abandoning module Sequencer (194)
[2017.11.06-14.48.05:404][239]LogModuleManager: Shutting down and abandoning module MessageLog (191)
[2017.11.06-14.48.05:404][239]LogModuleManager: Shutting down and abandoning module SlateReflector (186)
[2017.11.06-14.48.05:435][239]LogModuleManager: Shutting down and abandoning module Slate (184)
[2017.11.06-14.48.05:435][239]LogModuleManager: Shutting down and abandoning module EditorStyle (182)
[2017.11.06-14.48.05:438][239]LogModuleManager: Shutting down and abandoning module MRMesh (180)
[2017.11.06-14.48.05:438][239]LogModuleManager: Shutting down and abandoning module SourceCodeAccess (178)
[2017.11.06-14.48.05:438][239]LogModuleManager: Shutting down and abandoning module HeadMountedDisplay (176)
[2017.11.06-14.48.05:438][239]LogModuleManager: Shutting down and abandoning module XAudio2 (174)
[2017.11.06-14.48.05:438][239]LogModuleManager: Shutting down and abandoning module Networking (172)
[2017.11.06-14.48.05:438][239]LogModuleManager: Shutting down and abandoning module Core (168)
[2017.11.06-14.48.05:438][239]LogModuleManager: Shutting down and abandoning module KismetCompiler (164)
[2017.11.06-14.48.05:438][239]LogModuleManager: Shutting down and abandoning module LevelSequence (162)
[2017.11.06-14.48.05:438][239]LogModuleManager: Shutting down and abandoning module MeshUtilities (160)
[2017.11.06-14.48.05:464][239]LogModuleManager: Shutting down and abandoning module MeshMergeUtilities (159)
[2017.11.06-14.48.05:480][239]LogModuleManager: Shutting down and abandoning module MeshReductionInterface (158)
[2017.11.06-14.48.05:480][239]LogModuleManager: Shutting down and abandoning module SimplygonSwarm (157)
[2017.11.06-14.48.05:492][239]LogModuleManager: Shutting down and abandoning module SimplygonMeshReduction (155)
[2017.11.06-14.48.05:493][239]LogModuleManager: Shutting down and abandoning module QuadricMeshReduction (153)
[2017.11.06-14.48.05:508][239]LogModuleManager: Shutting down and abandoning module MaterialBaking (149)
[2017.11.06-14.48.05:525][239]LogModuleManager: Shutting down and abandoning module DirectoryWatcher (146)
[2017.11.06-14.48.05:531][239]LogModuleManager: Shutting down and abandoning module DerivedDataCache (144)
[2017.11.06-14.48.05:564][239]LogDerivedDataCache: Shutdown
[2017.11.06-14.48.05:601][239]LogModuleManager: Shutting down and abandoning module TargetPlatform (142)
[2017.11.06-14.48.05:601][239]LogModuleManager: Shutting down and abandoning module VulkanShaderFormat (141)
[2017.11.06-14.48.05:615][239]LogModuleManager: Shutting down and abandoning module ShaderFormatVectorVM (139)
[2017.11.06-14.48.05:629][239]LogModuleManager: Shutting down and abandoning module ShaderFormatOpenGL (137)
[2017.11.06-14.48.05:637][239]LogModuleManager: Shutting down and abandoning module ShaderFormatD3D (135)
[2017.11.06-14.48.05:637][239]LogModuleManager: Shutting down and abandoning module MetalShaderFormat (133)
[2017.11.06-14.48.05:656][239]LogModuleManager: Shutting down and abandoning module TextureFormatUncompressed (131)
[2017.11.06-14.48.05:656][239]LogModuleManager: Shutting down and abandoning module TextureFormatPVR (129)
[2017.11.06-14.48.05:656][239]LogModuleManager: Shutting down and abandoning module TextureFormatDXT (127)
[2017.11.06-14.48.05:657][239]LogModuleManager: Shutting down and abandoning module TextureFormatIntelISPCTexComp (125)
[2017.11.06-14.48.05:657][239]LogModuleManager: Shutting down and abandoning module TextureFormatASTC (123)
[2017.11.06-14.48.05:657][239]LogModuleManager: Shutting down and abandoning module ImageWrapper (122)
[2017.11.06-14.48.05:657][239]LogModuleManager: Shutting down and abandoning module TextureFormatAndroid (119)
[2017.11.06-14.48.05:657][239]LogModuleManager: Shutting down and abandoning module AudioFormatOpus (117)
[2017.11.06-14.48.05:657][239]LogModuleManager: Shutting down and abandoning module AudioFormatOgg (115)
[2017.11.06-14.48.05:657][239]LogModuleManager: Shutting down and abandoning module AudioFormatADPCM (113)
[2017.11.06-14.48.05:657][239]LogModuleManager: Shutting down and abandoning module LinuxTargetPlatform (111)
[2017.11.06-14.48.05:657][239]LogModuleManager: Shutting down and abandoning module LinuxServerTargetPlatform (109)
[2017.11.06-14.48.05:657][239]LogModuleManager: Shutting down and abandoning module LinuxNoEditorTargetPlatform (107)
[2017.11.06-14.48.05:657][239]LogModuleManager: Shutting down and abandoning module LinuxClientTargetPlatform (105)
[2017.11.06-14.48.05:657][239]LogModuleManager: Shutting down and abandoning module TVOSTargetPlatform (103)
[2017.11.06-14.48.05:657][239]LogModuleManager: Shutting down and abandoning module Messaging (101)
[2017.11.06-14.48.05:657][239]LogModuleManager: Shutting down and abandoning module IOSTargetPlatform (99)
[2017.11.06-14.48.05:657][239]LogModuleManager: Shutting down and abandoning module HTML5TargetPlatform (97)
[2017.11.06-14.48.05:658][239]LogModuleManager: Shutting down and abandoning module Android_PVRTCTargetPlatform (95)
[2017.11.06-14.48.05:658][239]LogModuleManager: Shutting down and abandoning module Android_MultiTargetPlatform (93)
[2017.11.06-14.48.05:658][239]LogModuleManager: Shutting down and abandoning module Android_ETC2TargetPlatform (91)
[2017.11.06-14.48.05:658][239]LogModuleManager: Shutting down and abandoning module Android_ETC1TargetPlatform (89)
[2017.11.06-14.48.05:658][239]LogModuleManager: Shutting down and abandoning module Android_DXTTargetPlatform (87)
[2017.11.06-14.48.05:658][239]LogModuleManager: Shutting down and abandoning module Android_ATCTargetPlatform (85)
[2017.11.06-14.48.05:658][239]LogModuleManager: Shutting down and abandoning module Android_ASTCTargetPlatform (83)
[2017.11.06-14.48.05:658][239]LogModuleManager: Shutting down and abandoning module AndroidTargetPlatform (81)
[2017.11.06-14.48.05:658][239]LogModuleManager: Shutting down and abandoning module WindowsTargetPlatform (79)
[2017.11.06-14.48.05:658][239]LogModuleManager: Shutting down and abandoning module WindowsServerTargetPlatform (77)
[2017.11.06-14.48.05:658][239]LogModuleManager: Shutting down and abandoning module WindowsNoEditorTargetPlatform (75)
[2017.11.06-14.48.05:658][239]LogModuleManager: Shutting down and abandoning module WindowsClientTargetPlatform (73)
[2017.11.06-14.48.05:658][239]LogModuleManager: Shutting down and abandoning module MacTargetPlatform (71)
[2017.11.06-14.48.05:658][239]LogModuleManager: Shutting down and abandoning module MacServerTargetPlatform (69)
[2017.11.06-14.48.05:658][239]LogModuleManager: Shutting down and abandoning module MacNoEditorTargetPlatform (67)
[2017.11.06-14.48.05:658][239]LogModuleManager: Shutting down and abandoning module MacClientTargetPlatform (65)
[2017.11.06-14.48.05:658][239]LogModuleManager: Shutting down and abandoning module AllDesktopTargetPlatform (63)
[2017.11.06-14.48.05:658][239]LogModuleManager: Shutting down and abandoning module InputCore (60)
[2017.11.06-14.48.05:658][239]LogModuleManager: Shutting down and abandoning module Settings (58)
[2017.11.06-14.48.05:658][239]LogModuleManager: Shutting down and abandoning module PhysXCooking (56)
[2017.11.06-14.48.05:658][239]LogModuleManager: Shutting down and abandoning module SteamVR (54)
[2017.11.06-14.48.05:658][239]LogModuleManager: Shutting down and abandoning module OculusHMD (52)
[2017.11.06-14.48.05:674][239]LogModuleManager: Shutting down and abandoning module ExampleDeviceProfileSelector (50)
[2017.11.06-14.48.05:674][239]LogModuleManager: Shutting down and abandoning module OnlineBlueprintSupport (48)
[2017.11.06-14.48.05:674][239]LogModuleManager: Shutting down and abandoning module OnlineSubsystem (44)
[2017.11.06-14.48.05:674][239]LogOnline: Display: Unloading online subsystem: NULL
[2017.11.06-14.48.05:691][239]LogModuleManager: Shutting down and abandoning module XMPP (43)
[2017.11.06-14.48.05:706][239]LogModuleManager: Shutting down and abandoning module HTTP (41)
[2017.11.06-14.48.05:706][239]LogHttp: Display: Http module shutting down, but needs to wait on 1 outstanding Http requests:
[2017.11.06-14.48.05:726][239]LogHttp: Display: 	verb=[POST] url=[https://datarouter.ol.epicgames.com/datarouter/api/v1/public/data?SessionID=%7B3A7BA6ED-46E0-73A5-624B-AF8E54096AC6%7D&AppID=UEEditor.Rocket.Release&AppVersion=4.17.2-3658906%2B%2B%2BUE4%2BRelease-4.17&UserID=f26508db40465160d3d2bb802366b8ae%7C42b7d0df387a491eaab8eead4a23da45%7C0efccc4e-e493-48f3-8eb6-9db0fa3ac8b8&AppEnvironment=datacollector-binary&UploadType=eteventstream] status=Processing
[2017.11.06-14.48.05:741][239]LogModuleManager: Shutting down and abandoning module SSL (40)
[2017.11.06-14.48.05:763][239]LogModuleManager: Shutting down and abandoning module AnimationModifiers (36)
[2017.11.06-14.48.05:774][239]LogModuleManager: Shutting down and abandoning module PropertyEditor (35)
[2017.11.06-14.48.05:774][239]LogModuleManager: Shutting down and abandoning module AudioEditor (32)
[2017.11.06-14.48.05:792][239]LogModuleManager: Shutting down and abandoning module TextureCompressor (30)
[2017.11.06-14.48.05:792][239]LogModuleManager: Shutting down and abandoning module ShaderCore (28)
[2017.11.06-14.48.05:792][239]LogModuleManager: Shutting down and abandoning module Landscape (26)
[2017.11.06-14.48.05:793][239]LogModuleManager: Shutting down and abandoning module SlateRHIRenderer (24)
[2017.11.06-14.48.05:835][239]LogModuleManager: Shutting down and abandoning module OpenGLDrv (22)
[2017.11.06-14.48.05:846][239]LogModuleManager: Shutting down and abandoning module D3D11RHI (20)
[2017.11.06-14.48.05:846][239]LogModuleManager: Shutting down and abandoning module AnimGraphRuntime (18)
[2017.11.06-14.48.05:864][239]LogModuleManager: Shutting down and abandoning module Renderer (16)
[2017.11.06-14.48.05:865][239]LogModuleManager: Shutting down and abandoning module Engine (14)
[2017.11.06-14.48.05:865][239]LogModuleManager: Shutting down and abandoning module CoreUObject (12)
[2017.11.06-14.48.05:865][239]LogModuleManager: Shutting down and abandoning module NetworkFile (10)
[2017.11.06-14.48.05:865][239]LogModuleManager: Shutting down and abandoning module CookedIterativeFile (8)
[2017.11.06-14.48.05:865][239]LogModuleManager: Shutting down and abandoning module StreamingFile (6)
[2017.11.06-14.48.05:865][239]LogModuleManager: Shutting down and abandoning module SandboxFile (4)
[2017.11.06-14.48.05:865][239]LogModuleManager: Shutting down and abandoning module PakFile (2)
[2017.11.06-14.48.05:867][239]LogExit: Exiting.
[2017.11.06-14.48.05:886][239]Log file closed, 11/06/17 15:48:05
