Log file open, 10/23/17 10:36:31
LogWindows: Failed to load 'aqProf.dll' (GetLastError=126)
LogWindows: File 'aqProf.dll' does not exist
LogWindows: Failed to load 'VtuneApi.dll' (GetLastError=126)
LogWindows: File 'VtuneApi.dll' does not exist
LogWindows: Failed to load 'VtuneApi32e.dll' (GetLastError=126)
LogWindows: File 'VtuneApi32e.dll' does not exist
LogInit: Display: Running engine for game: MyProject
LogPlatformFile: Not using cached read wrapper
LogInit: Display: RandInit(1685644544) SRandInit(1685644545).
LogTaskGraph: Started task graph with 5 named threads and 8 total threads with 3 sets of task threads.
LogStats: Stats thread started at 5.935170
LogD3D11RHI: Aftermath initialized
LogPluginManager: Mounting plugin Paper2D
LogPluginManager: Mounting plugin LightPropagationVolume
LogPluginManager: Mounting plugin CodeLiteSourceCodeAccess
LogPluginManager: Mounting plugin GitSourceControl
LogPluginManager: Mounting plugin KDevelopSourceCodeAccess
LogPluginManager: Mounting plugin NullSourceCodeAccess
LogPluginManager: Mounting plugin PerforceSourceControl
LogPluginManager: Mounting plugin SubversionSourceControl
LogPluginManager: Mounting plugin UObjectPlugin
LogPluginManager: Mounting plugin VisualStudioSourceCodeAccess
LogPluginManager: Mounting plugin XCodeSourceCodeAccess
LogPluginManager: Mounting plugin AssetManagerEditor
LogPluginManager: Mounting plugin AudioCapture
LogPluginManager: Mounting plugin FacialAnimation
LogPluginManager: Mounting plugin GameplayTagsEditor
LogPluginManager: Mounting plugin MobileLauncherProfileWizard
LogPluginManager: Mounting plugin PluginBrowser
LogPluginManager: Mounting plugin SpeedTreeImporter
LogPluginManager: Mounting plugin AlembicImporter
LogPluginManager: Mounting plugin CharacterAI
LogPluginManager: Mounting plugin HTML5Networking
LogPluginManager: Mounting plugin Substance
LogPluginManager: Mounting plugin AndroidMedia
LogPluginManager: Mounting plugin AvfMedia
LogPluginManager: Mounting plugin MediaPlayerEditor
LogPluginManager: Mounting plugin WmfMedia
LogPluginManager: Mounting plugin TcpMessaging
LogPluginManager: Mounting plugin UdpMessaging
LogPluginManager: Mounting plugin LevelSequenceEditor
LogPluginManager: Mounting plugin MatineeToLevelSequence
LogPluginManager: Mounting plugin OnlineSubsystemGooglePlay
LogPluginManager: Mounting plugin OnlineSubsystemIOS
LogPluginManager: Mounting plugin OnlineSubsystem
LogPluginManager: Mounting plugin OnlineSubsystemNull
LogPluginManager: Mounting plugin OnlineSubsystemUtils
LogPluginManager: Mounting plugin AndroidDeviceProfileSelector
LogPluginManager: Mounting plugin AndroidMoviePlayer
LogPluginManager: Mounting plugin AndroidPermission
LogPluginManager: Mounting plugin AppleMoviePlayer
LogPluginManager: Mounting plugin ArchVisCharacter
LogPluginManager: Mounting plugin CableComponent
LogPluginManager: Mounting plugin CustomMeshComponent
LogPluginManager: Mounting plugin ExampleDeviceProfileSelector
LogPluginManager: Mounting plugin GoogleCloudMessaging
LogPluginManager: Mounting plugin ImmediatePhysics
LogPluginManager: Mounting plugin IOSDeviceProfileSelector
LogPluginManager: Mounting plugin LinuxDeviceProfileSelector
LogPluginManager: Mounting plugin LocationServicesBPLibrary
LogPluginManager: Mounting plugin MobilePatchingUtils
LogPluginManager: Mounting plugin OculusVR
LogPluginManager: Mounting plugin PhysXVehicles
LogPluginManager: Mounting plugin ProceduralMeshComponent
LogPluginManager: Mounting plugin RuntimePhysXCooking
LogPluginManager: Mounting plugin SteamVR
LogPluginManager: Mounting plugin WindowsMoviePlayer
LogInit: Using libcurl 7.47.1
LogInit:  - built for x86_64-pc-win32
LogInit:  - supports SSL with OpenSSL/1.0.2g
LogInit:  - supports HTTP deflate (compression) using libz 1.2.8
LogInit:  - other features:
LogInit:      CURL_VERSION_SSL
LogInit:      CURL_VERSION_LIBZ
LogInit:      CURL_VERSION_IPV6
LogInit:      CURL_VERSION_ASYNCHDNS
LogInit:      CURL_VERSION_LARGEFILE
LogInit:      CURL_VERSION_IDN
LogInit:  CurlRequestOptions (configurable via config and command line):
LogInit:  - bVerifyPeer = false  - Libcurl will NOT verify peer certificate
LogInit:  - bUseHttpProxy = false  - Libcurl will NOT use HTTP proxy
LogInit:  - bDontReuseConnections = false  - Libcurl will reuse connections
LogInit:  - CertBundlePath = nullptr  - Libcurl will use whatever was configured at build time.
LogInit: Build: ++UE4+Release-4.17-CL-3658906
LogInit: Engine Version: 4.17.2-3658906+++UE4+Release-4.17
LogInit: Compatible Engine Version: 4.17.0-3573198+++UE4+Release-4.17
LogInit: Net CL: 3573198
LogDevObjectVersion: Number of dev versions registered: 16
LogDevObjectVersion:   Dev-Blueprints (B0D832E4-1F89-4F0D-ACCF-7EB736FD4AA2): 10
LogDevObjectVersion:   Dev-Build (E1C64328-A22C-4D53-A36C-8E866417BD8C): 0
LogDevObjectVersion:   Dev-Core (375EC13C-06E4-48FB-B500-84F0262A717E): 2
LogDevObjectVersion:   Dev-Editor (E4B068ED-F494-42E9-A231-DA0B2E46BB41): 20
LogDevObjectVersion:   Dev-Framework (CFFC743F-43B0-4480-9391-14DF171D2073): 28
LogDevObjectVersion:   Dev-Mobile (B02B49B5-BB20-44E9-A304-32B752E40360): 0
LogDevObjectVersion:   Dev-Networking (A4E4105C-59A1-49B5-A7C5-40C4547EDFEE): 0
LogDevObjectVersion:   Dev-Online (39C831C9-5AE6-47DC-9A44-9C173E1C8E7C): 0
LogDevObjectVersion:   Dev-Physics (78F01B33-EBEA-4F98-B9B4-84EACCB95AA2): 0
LogDevObjectVersion:   Dev-Platform (6631380F-2D4D-43E0-8009-CF276956A95A): 0
LogDevObjectVersion:   Dev-Rendering (12F88B9F-8875-4AFC-A67C-D90C383ABD29): 19
LogDevObjectVersion:   Dev-Sequencer (7B5AE74C-D270-4C10-A958-57980B212A5A): 4
LogDevObjectVersion:   Dev-VR (D7296918-1DD6-4BDD-9DE2-64A83CC13884): 0
LogDevObjectVersion:   Dev-LoadTimes (C2A15278-BFE7-4AFE-6C17-90FF531DF755): 1
LogDevObjectVersion:   Private-Geometry (6EACA3D4-40EC-4CC1-B786-8BED09428FC5): 1
LogDevObjectVersion:   Dev-AnimPhys (29E575DD-E0A3-4627-9D10-D276232CDCEA): 7
LogInit: Compiled (64-bit): Sep 22 2017 13:47:16
LogInit: Compiled with Visual C++: 19.00.24215.01
LogInit: Build Configuration: Development
LogInit: Branch Name: ++UE4+Release-4.17
LogInit: Command line:  
LogInit: Base directory: D:/UnrealEngine/UE_4.17/Engine/Binaries/Win64/
LogInit: Installed Engine Build: 1
LogInit: Presizing for max 8388607 objects, including 0 objects not considered by GC, pre-allocating 0 bytes for permanent pool.
LogInit: Object subsystem initialized
[2017.10.23-08.36.34:916][  0]LogInit: Selected Device Profile: [Windows]
[2017.10.23-08.36.34:916][  0]LogInit: Applying CVar settings loaded from the selected device profile: [Windows]
[2017.10.23-08.36.35:192][  0]LogInit: Computer: LAPTOP-JEE1UTKT
[2017.10.23-08.36.35:192][  0]LogInit: User: rinke
[2017.10.23-08.36.35:192][  0]LogInit: CPU Page size=4096, Cores=2
[2017.10.23-08.36.35:192][  0]LogInit: High frequency timer resolution =2.531249 MHz
[2017.10.23-08.36.35:193][  0]LogMemory: Memory total: Physical=7.9GB (8GB approx)
[2017.10.23-08.36.35:193][  0]LogMemory: Platform Memory Stats for Windows
[2017.10.23-08.36.35:194][  0]LogMemory: Process Physical Memory: 277.92 MB used, 277.92 MB peak
[2017.10.23-08.36.35:194][  0]LogMemory: Process Virtual Memory: 275.76 MB used, 275.76 MB peak
[2017.10.23-08.36.35:194][  0]LogMemory: Physical Memory: 5080.11 MB used,  3017.79 MB free, 8097.91 MB total
[2017.10.23-08.36.35:194][  0]LogMemory: Virtual Memory: 666.99 MB used,  3017.79 MB free, 134217728.00 MB total
[2017.10.23-08.36.37:626][  0]LogInit: Using OS detected language (en-US).
[2017.10.23-08.36.37:626][  0]LogInit: Using OS detected locale (en-GB).
[2017.10.23-08.36.38:152][  0]LogTextLocalizationManager: No specific localization for 'en-US' exists, so the 'en' localization will be used.
[2017.10.23-08.36.46:316][  0]LogD3D11RHI: D3D11 adapters:
[2017.10.23-08.36.46:351][  0]LogD3D11RHI:    0. 'NVIDIA GeForce GTX 950M' (Feature Level 11_0)
[2017.10.23-08.36.46:351][  0]LogD3D11RHI:       4064/0/4048 MB DedicatedVideo/DedicatedSystem/SharedSystem, Outputs:1, VendorId:0x10de
[2017.10.23-08.36.46:358][  0]LogD3D11RHI:    1. 'Intel(R) HD Graphics 520' (Feature Level 11_0)
[2017.10.23-08.36.46:358][  0]LogD3D11RHI:       128/0/4048 MB DedicatedVideo/DedicatedSystem/SharedSystem, Outputs:0, VendorId:0x8086
[2017.10.23-08.36.46:359][  0]LogD3D11RHI:    2. 'Microsoft Basic Render Driver' (Feature Level 11_0)
[2017.10.23-08.36.46:359][  0]LogD3D11RHI:       0/0/4048 MB DedicatedVideo/DedicatedSystem/SharedSystem, Outputs:0, VendorId:0x1414
[2017.10.23-08.36.46:359][  0]LogD3D11RHI: Chosen D3D11 Adapter: 0
[2017.10.23-08.36.46:367][  0]LogD3D11RHI: Creating new Direct3DDevice
[2017.10.23-08.36.46:367][  0]LogD3D11RHI:     GPU DeviceId: 0x139a (for the marketing name, search the web for "GPU Device Id")
[2017.10.23-08.36.46:367][  0]LogWindows: EnumDisplayDevices:
[2017.10.23-08.36.46:367][  0]LogWindows:    0. 'Intel(R) HD Graphics 520' (P:1 D:1)
[2017.10.23-08.36.46:367][  0]LogWindows:    1. 'Intel(R) HD Graphics 520' (P:0 D:0)
[2017.10.23-08.36.46:368][  0]LogWindows:    2. 'Intel(R) HD Graphics 520' (P:0 D:0)
[2017.10.23-08.36.46:368][  0]LogWindows: DebugString: PrimaryIsNotTheChoosenAdapter PrimaryIsNotTheChoosenAdapter PrimaryIsNotTheChoosenAdapter FoundDriverCount:0 
[2017.10.23-08.36.46:368][  0]LogD3D11RHI:     Adapter Name: NVIDIA GeForce GTX 950M
[2017.10.23-08.36.46:368][  0]LogD3D11RHI:   Driver Version: Unknown (internal:Unknown, unified:Unknown)
[2017.10.23-08.36.46:368][  0]LogD3D11RHI:      Driver Date: Unknown
[2017.10.23-08.36.46:368][  0]LogRHI: Texture pool is 1361 MB (70% of 1945 MB)
[2017.10.23-08.36.46:405][  0]LogD3D11RHI: Async texture creation enabled
[2017.10.23-08.36.46:821][  0]LogD3D11RHI: GPU Timing Frequency: 1000.000000 (Debug: 2 1)
[2017.10.23-08.36.46:969][  0]LogShaderCompilers: Guid format shader working directory is 17 characters bigger than the processId version (../../../../../GIP/MyProject/Intermediate/Shaders/WorkingDirectory/11796/).
[2017.10.23-08.36.46:970][  0]LogShaderCompilers: Cleaned the shader compiler working directory 'C:/Users/rinke/AppData/Local/Temp/UnrealShaderWorkingDir/6BE2885C48E8F23DACD24FB6C035370D/'.
[2017.10.23-08.36.46:991][  0]LogShaderCompilers: Display: Using Local Shader Compiler.
[2017.10.23-08.36.56:622][  0]LogTemp: Display: Loaded TP AllDesktopTargetPlatform
[2017.10.23-08.36.56:683][  0]LogTemp: Display: Loaded TP MacClientTargetPlatform
[2017.10.23-08.36.56:750][  0]LogTemp: Display: Loaded TP MacNoEditorTargetPlatform
[2017.10.23-08.36.56:893][  0]LogTemp: Display: Loaded TP MacServerTargetPlatform
[2017.10.23-08.36.57:068][  0]LogTemp: Display: Loaded TP MacTargetPlatform
[2017.10.23-08.36.57:214][  0]LogTemp: Display: Loaded TP WindowsClientTargetPlatform
[2017.10.23-08.36.57:353][  0]LogTemp: Display: Loaded TP WindowsNoEditorTargetPlatform
[2017.10.23-08.36.57:499][  0]LogTemp: Display: Loaded TP WindowsServerTargetPlatform
[2017.10.23-08.36.57:615][  0]LogTemp: Display: Loaded TP WindowsTargetPlatform
[2017.10.23-08.36.57:765][  0]LogTemp: Display: Loaded TP AndroidTargetPlatform
[2017.10.23-08.36.57:817][  0]LogTemp: Display: Loaded TP Android_ASTCTargetPlatform
[2017.10.23-08.36.57:853][  0]LogTemp: Display: Loaded TP Android_ATCTargetPlatform
[2017.10.23-08.36.57:890][  0]LogTemp: Display: Loaded TP Android_DXTTargetPlatform
[2017.10.23-08.36.57:926][  0]LogTemp: Display: Loaded TP Android_ETC1TargetPlatform
[2017.10.23-08.36.57:963][  0]LogTemp: Display: Loaded TP Android_ETC2TargetPlatform
[2017.10.23-08.36.58:121][  0]LogTemp: Display: Loaded TP Android_MultiTargetPlatform
[2017.10.23-08.36.58:121][  0]LogTemp: Display: Loaded TP Android_PVRTCTargetPlatform
[2017.10.23-08.36.58:189][  0]LogTemp: Display: Loaded TP HTML5TargetPlatform
[2017.10.23-08.36.58:575][  0]LogTemp: Display: Loaded TP IOSTargetPlatform
[2017.10.23-08.36.58:729][  0]LogTemp: Display: Loaded TP TVOSTargetPlatform
[2017.10.23-08.36.58:875][  0]LogTemp: Display: Loaded TP LinuxClientTargetPlatform
[2017.10.23-08.36.59:017][  0]LogTemp: Display: Loaded TP LinuxNoEditorTargetPlatform
[2017.10.23-08.36.59:170][  0]LogTemp: Display: Loaded TP LinuxServerTargetPlatform
[2017.10.23-08.36.59:387][  0]LogTemp: Display: Loaded TP LinuxTargetPlatform
[2017.10.23-08.36.59:387][  0]LogTargetPlatformManager: Display: Building Assets For Windows
[2017.10.23-08.37.03:346][  0]LogDerivedDataCache: Display: Max Cache Size: 512 MB
[2017.10.23-08.37.04:812][  0]LogDerivedDataCache: Loaded boot cache 1.46s 93MB C:/Users/rinke/AppData/Local/UnrealEngine/4.17/DerivedDataCache/Boot.ddc.
[2017.10.23-08.37.04:813][  0]LogDerivedDataCache: Display: Loaded Boot cache: C:/Users/rinke/AppData/Local/UnrealEngine/4.17/DerivedDataCache/Boot.ddc
[2017.10.23-08.37.04:813][  0]LogDerivedDataCache: FDerivedDataBackendGraph:  Pak pak cache file ../../../../../GIP/MyProject/DerivedDataCache/DDC.ddp not found, will not use a pak cache.
[2017.10.23-08.37.04:813][  0]LogDerivedDataCache: Unable to find inner node Pak for hierarchical cache Hierarchy.
[2017.10.23-08.37.04:813][  0]LogDerivedDataCache: FDerivedDataBackendGraph:  CompressedPak pak cache file ../../../../../GIP/MyProject/DerivedDataCache/Compressed.ddp not found, will not use a pak cache.
[2017.10.23-08.37.04:813][  0]LogDerivedDataCache: Unable to find inner node CompressedPak for hierarchical cache Hierarchy.
[2017.10.23-08.37.05:035][  0]LogDerivedDataCache: Display: Pak cache opened for reading ../../../Engine/DerivedDataCache/Compressed.ddp.
[2017.10.23-08.37.05:059][  0]LogDerivedDataCache: Using Local data cache path C:/Users/rinke/AppData/Local/UnrealEngine/Common/DerivedDataCache: Writable
[2017.10.23-08.37.05:200][  0]LogMaterial: Verifying Global Shaders for PCD3D_SM5
[2017.10.23-08.37.05:259][  0]LogSlate: Using Freetype 2.6.0
[2017.10.23-08.37.05:459][  0]LogSlate: SlateFontCache - WITH_FREETYPE: 1, WITH_HARFBUZZ: 1
[2017.10.23-08.37.05:471][  0]LogSlate: SlateFontCache - WITH_FREETYPE: 1, WITH_HARFBUZZ: 1
[2017.10.23-08.37.23:794][  0]LogAssetRegistry: FAssetRegistry took 0.0297 seconds to start up
[2017.10.23-08.37.25:946][  0]LogInit: Selected Device Profile: [Windows]
[2017.10.23-08.37.30:731][  0]LogContentStreaming: Texture pool size is 0.00 MB
[2017.10.23-08.37.32:954][  0]LogSimplygon: Simplygon DLL not present - disabling.
[2017.10.23-08.37.33:142][  0]LogMeshReduction: Using SimplygonSwarm for distributed automatic mesh merging
[2017.10.23-08.37.33:157][  0]LogMeshReduction: Using QuadricMeshReduction for automatic static mesh reduction
[2017.10.23-08.37.33:157][  0]LogMeshReduction: No automatic skeletal mesh reduction module available
[2017.10.23-08.37.33:157][  0]LogMeshReduction: No automatic mesh merging module available
[2017.10.23-08.37.33:158][  0]LogMeshMerging: No automatic mesh merging module available
[2017.10.23-08.37.39:481][  0]LogNetVersion: MyProject , NetCL: 3573198, EngineNetVer: 2, GameNetVer: 0 (Checksum: 3113362612)
[2017.10.23-08.37.42:292][  0]LogPackageLocalizationCache: Processed 5 localized package path(s) for 2 prioritized culture(s) in 0.261513 seconds
[2017.10.23-08.37.42:330][  0]LogUObjectArray: 35825 objects as part of root set at end of initial load.
[2017.10.23-08.37.42:330][  0]LogUObjectAllocator: 7529112 out of 0 bytes used by permanent object pool.
[2017.10.23-08.37.42:330][  0]LogUObjectArray: CloseDisregardForGC: 0/0 objects in disregard for GC pool
[2017.10.23-08.37.42:508][  0]LogInit: WinSock: version 1.1 (2.2), MaxSocks=32767, MaxUdp=65467
[2017.10.23-08.38.17:254][  0]LogSubstanceCoreModule: Substance [CPU] Engine Loaded, Max Texture Size = 2048
[2017.10.23-08.38.17:504][  0]LogTcpMessaging: Initializing TcpMessaging bridge
[2017.10.23-08.38.17:639][  0]LogUdpMessaging: Initializing bridge on interface 0.0.0.0:0 to multicast group 230.0.0.1:6666.
[2017.10.23-08.38.22:032][  0]LogMaterial: Uniform references updated for custom material expression Custom.
[2017.10.23-08.38.24:239][  0]SourceControl: Source control is disabled
[2017.10.23-08.38.24:240][  0]SourceControl: Source control is disabled
[2017.10.23-08.38.24:602][  0]SourceControl: Source control is disabled
[2017.10.23-08.38.24:789][  0]SourceControl: Source control is disabled
[2017.10.23-08.38.27:937][  0]LogAndroidPermission: UAndroidPermissionCallbackProxy::GetInstance
[2017.10.23-08.38.29:133][  0]LogOcInput: OculusInput pre-init called
[2017.10.23-08.38.32:682][  0]LogEngine: Initializing Engine...
[2017.10.23-08.38.32:730][  0]LogHMD: Failed to initialize OpenVR with code 110
[2017.10.23-08.38.35:163][  0]LogStats: UGameplayTagsManager::ConstructGameplayTagTree: Construct from data asset -  0.000 s
[2017.10.23-08.38.35:164][  0]LogStats: UGameplayTagsManager::ConstructGameplayTagTree: GameplayTagTreeChangedEvent.Broadcast -  0.000 s
[2017.10.23-08.38.36:076][  0]LogAIModule: Creating AISystem for world Untitled
[2017.10.23-08.38.36:324][  0]LogInit: XAudio2 using 'Speakers (Realtek High Definition Audio(SST))' : 2 channels at 48 kHz using 32 bits per sample (channel mask 0x3)
[2017.10.23-08.38.36:414][  0]LogInit: FAudioDevice initialized.
[2017.10.23-08.38.36:648][  0]LogDerivedDataCache: Saved boot cache 0.23s 93MB C:/Users/rinke/AppData/Local/UnrealEngine/4.17/DerivedDataCache/Boot.ddc.
[2017.10.23-08.38.36:719][  0]LogInit: Texture streaming: Enabled
[2017.10.23-08.38.37:335][  0]LogEngineSessionManager: EngineSessionManager initialized
[2017.10.23-08.38.38:620][  0]LogInit: Transaction tracking system initialized
[2017.10.23-08.38.40:396][  0]BlueprintLog: New page: Editor Load
[2017.10.23-08.38.45:919][  0]LocalizationService: Localization service is disabled
[2017.10.23-08.38.48:674][  0]LogConsoleResponse: Display: 
[2017.10.23-08.38.52:653][  0]LogFileCache: Scanning file cache for directory 'D:/GIP/MyProject/Content/' took 0.02s
[2017.10.23-08.38.52:653][  0]LogCook: Display: Max memory allowance for cook 16384mb min free memory 0mb
[2017.10.23-08.38.52:653][  0]LogCook: Display: Mobile HDR setting 1
[2017.10.23-08.38.52:748][  0]LogGameplayTags: Display: UGameplayTagsManager::DoneAddingNativeTags. DelegateIsBound: 0
[2017.10.23-08.38.57:820][  0]SourceControl: Source control is disabled
[2017.10.23-08.38.57:911][  0]Cmd: MAP LOAD FILE="../../../../../GIP/MyProject/Content/StarterContent/Maps/Minimal_Default.umap" TEMPLATE=0 SHOWPROGRESS=1 FEATURELEVEL=3
[2017.10.23-08.38.57:977][  0]LightingResults: New page: Lighting Build
[2017.10.23-08.38.58:160][  0]MapCheck: New page: Map Check
[2017.10.23-08.38.58:160][  0]LightingResults: New page: Lighting Build
[2017.10.23-08.39.02:599][  0]LogAIModule: Creating AISystem for world Minimal_Default
[2017.10.23-08.39.03:177][  0]LogEditorServer: Finished looking for orphan Actors (0.000 secs)
[2017.10.23-08.39.03:310][  0]Cmd: MAP CHECKDEP NOCLEARLOG
[2017.10.23-08.39.03:487][  0]MapCheck: Map check complete: 0 Error(s), 0 Warning(s), took 175.964ms to complete.
[2017.10.23-08.39.03:487][  0]LogFileHelpers: Loading map 'Minimal_Default' took 5.601
[2017.10.23-08.39.05:880][  0]LogCollectionManager: Loaded 0 collections in 0.003716 seconds
[2017.10.23-08.39.06:316][  0]LogFileCache: Scanning file cache for directory 'D:/GIP/MyProject/Saved/Collections/' took 0.01s
[2017.10.23-08.39.06:316][  0]LogFileCache: Scanning file cache for directory 'D:/GIP/MyProject/Content/Developers/rinke/Collections/' took 0.01s
[2017.10.23-08.39.06:316][  0]LogFileCache: Scanning file cache for directory 'D:/GIP/MyProject/Content/Collections/' took 0.01s
[2017.10.23-08.39.06:316][  0]LogCollectionManager: Rebuilt the GUID cache for 0 collections in 0.000002 seconds
[2017.10.23-08.39.06:384][  0]LogContentBrowser: Native class hierarchy populated in 0.0648 seconds. Added 2400 classes and 506 folders.
[2017.10.23-08.39.06:620][  0]LogContentBrowser: Native class hierarchy updated for 'WidgetCarousel' in 0.0187 seconds. Added 0 classes and 0 folders.
[2017.10.23-08.39.09:574][  0]LogContentBrowser: Native class hierarchy updated for 'AddContentDialog' in 0.0075 seconds. Added 0 classes and 0 folders.
[2017.10.23-08.39.09:995][  0]LogContentBrowser: Native class hierarchy updated for 'SceneOutliner' in 0.0034 seconds. Added 1 classes and 2 folders.
[2017.10.23-08.39.10:964][  0]LogSlate: Took 0.027588 seconds to synchronously load lazily loaded font '../../../Engine/Content/Slate/Fonts/Roboto-Regular.ttf' (155K)
[2017.10.23-08.39.11:025][  0]LogSlate: Took 0.034534 seconds to synchronously load lazily loaded font '../../../Engine/Content/Slate/Fonts/Roboto-Bold.ttf' (160K)
[2017.10.23-08.39.11:151][  0]LogSlate: Took 0.026428 seconds to synchronously load lazily loaded font '../../../Engine/Content/Editor/Slate/Fonts/FontAwesome.ttf' (139K)
[2017.10.23-08.39.11:887][  0]LogRenderer: Reallocating scene render targets to support 964x436 Format 10 NumSamples 1 (Frame:1).
[2017.10.23-08.39.12:608][  0]LogSlate: Took 0.030034 seconds to synchronously load lazily loaded font '../../../Engine/Content/Slate/Fonts/Roboto-Light.ttf' (159K)
[2017.10.23-08.39.13:359][  0]LogContentBrowser: Native class hierarchy updated for 'HierarchicalLODOutliner' in 0.0038 seconds. Added 1 classes and 2 folders.
[2017.10.23-08.39.13:359][  0]LogLoad: (Engine Initialization) Total time: 184.16 seconds
[2017.10.23-08.39.13:360][  0]LogLoad: (Engine Initialization) Total Blueprint compile time: 0.00 seconds
[2017.10.23-08.39.13:367][  0]LogExternalProfiler: Found external profiler: VSPerf
[2017.10.23-08.39.13:368][  0]LogExternalProfiler: Using external profiler: VSPerf
[2017.10.23-08.39.13:865][  0]LogContentStreaming: Texture pool size now 1000 MB
[2017.10.23-08.39.15:608][  7]LogAssetRegistry: Asset discovery search completed in 111.8354 seconds
[2017.10.23-08.39.15:622][  7]LogCollectionManager: Rebuilt the object cache for 0 collections in 0.000002 seconds (found 0 objects)
[2017.10.23-08.39.15:622][  7]LogCollectionManager: Fixed up redirectors for 0 collections in 0.000205 seconds (updated 0 objects)
[2017.10.23-08.39.17:580][145]LogTemp: Repeating last play command: Selected Viewport
[2017.10.23-08.39.17:679][145]LogBlueprintUserMessages: Early PlayInEditor Detection: Level '/Game/StarterContent/Maps/Minimal_Default.Minimal_Default:PersistentLevel' has LevelScriptBlueprint '/Game/StarterContent/Maps/Minimal_Default.Minimal_Default:PersistentLevel.Minimal_Default' with GeneratedClass '/Game/StarterContent/Maps/Minimal_Default.Minimal_Default_C' with ClassGeneratedBy '/Game/StarterContent/Maps/Minimal_Default.Minimal_Default:PersistentLevel.Minimal_Default'
[2017.10.23-08.39.17:699][145]LogPlayLevel: PlayLevel: No blueprints needed recompiling
[2017.10.23-08.39.17:747][145]PIE: New page: PIE session: Minimal_Default (23 Oct 2017 12:39:17)
[2017.10.23-08.39.17:748][145]LogPlayLevel: Creating play world package: /Game/StarterContent/Maps/UEDPIE_0_Minimal_Default
[2017.10.23-08.39.17:824][145]LogPlayLevel: PIE: StaticDuplicateObject took: (0.075391s)
[2017.10.23-08.39.17:826][145]LogAIModule: Creating AISystem for world Minimal_Default
[2017.10.23-08.39.17:827][145]LogPlayLevel: PIE: World Init took: (0.003633s)
[2017.10.23-08.39.17:828][145]LogPlayLevel: PIE: Created PIE world by copying editor world from /Game/StarterContent/Maps/Minimal_Default.Minimal_Default to /Game/StarterContent/Maps/UEDPIE_0_Minimal_Default.Minimal_Default (0.080481s)
[2017.10.23-08.39.17:896][145]LogInit: XAudio2 using 'Speakers (Realtek High Definition Audio(SST))' : 2 channels at 48 kHz using 32 bits per sample (channel mask 0x3)
[2017.10.23-08.39.17:915][145]LogInit: FAudioDevice initialized.
[2017.10.23-08.39.17:981][145]LogLoad: Game class is 'GameModeBase'
[2017.10.23-08.39.18:005][145]LogWorld: Bringing World /Game/StarterContent/Maps/UEDPIE_0_Minimal_Default.Minimal_Default up for play (max tick rate 0) at 2017.10.23-10.39.18
[2017.10.23-08.39.18:024][145]LogWorld: Bringing up level for play took: 0.020944
[2017.10.23-08.39.18:223][145]LogContentBrowser: Native class hierarchy updated for 'MovieSceneCapture' in 0.0034 seconds. Added 11 classes and 0 folders.
[2017.10.23-08.39.18:264][145]PIE: Play in editor start time for /Game/StarterContent/Maps/UEDPIE_0_Minimal_Default 1.2
[2017.10.23-08.39.18:264][145]LogBlueprintUserMessages: Late PlayInEditor Detection: Level '/Game/StarterContent/Maps/Minimal_Default.Minimal_Default:PersistentLevel' has LevelScriptBlueprint '/Game/StarterContent/Maps/Minimal_Default.Minimal_Default:PersistentLevel.Minimal_Default' with GeneratedClass '/Game/StarterContent/Maps/Minimal_Default.Minimal_Default_C' with ClassGeneratedBy '/Game/StarterContent/Maps/Minimal_Default.Minimal_Default:PersistentLevel.Minimal_Default'
[2017.10.23-08.39.37:406][784]LogBlueprintUserMessages: Early EndPlayMap Detection: Level '/Game/StarterContent/Maps/Minimal_Default.Minimal_Default:PersistentLevel' has LevelScriptBlueprint '/Game/StarterContent/Maps/Minimal_Default.Minimal_Default:PersistentLevel.Minimal_Default' with GeneratedClass '/Game/StarterContent/Maps/Minimal_Default.Minimal_Default_C' with ClassGeneratedBy '/Game/StarterContent/Maps/Minimal_Default.Minimal_Default:PersistentLevel.Minimal_Default'
[2017.10.23-08.39.37:477][784]LogBlueprintUserMessages: Late EndPlayMap Detection: Level '/Game/StarterContent/Maps/Minimal_Default.Minimal_Default:PersistentLevel' has LevelScriptBlueprint '/Game/StarterContent/Maps/Minimal_Default.Minimal_Default:PersistentLevel.Minimal_Default' with GeneratedClass '/Game/StarterContent/Maps/Minimal_Default.Minimal_Default_C' with ClassGeneratedBy '/Game/StarterContent/Maps/Minimal_Default.Minimal_Default:PersistentLevel.Minimal_Default'
[2017.10.23-08.39.40:302][994]LogEditorViewport: Clicking on Actor (LMB): StaticMeshActor (Table)
[2017.10.23-08.41.15:825][810]LogEditorViewport: Clicking on Actor (LMB): StaticMeshActor (Sphere)
[2017.10.23-08.41.37:156][371]LogEditorViewport: Clicking on Actor (LMB): StaticMeshActor (Chair)
[2017.10.23-08.41.43:035][730]LogEditorViewport: Clicking on Actor (LMB): BP_Sky_Sphere_C (BP_Sky_Sphere)
[2017.10.23-08.41.44:003][782]LogEditorViewport: Clicking on Actor (LMB): BP_Sky_Sphere_C (BP_Sky_Sphere)
[2017.10.23-08.41.56:887][782]LogEditorViewport: Clicking on Actor (LMB): StaticMeshActor (Table)
[2017.10.23-08.42.02:891][266]LogEditorViewport: Clicking on Actor (LMB): StaticMeshActor (Chair)
[2017.10.23-08.42.06:855][555]LogEditorViewport: Clicking on Actor (LMB): StaticMeshActor (Chair)
[2017.10.23-08.42.07:418][596]LogEditorViewport: Clicking on Actor (LMB): StaticMeshActor (Table)
[2017.10.23-08.42.10:090][744]LogEditorViewport: Clicking on Actor (LMB): StaticMeshActor (Table)
[2017.10.23-08.42.11:292][835]LogTemp: Repeating last play command: Selected Viewport
[2017.10.23-08.42.11:316][835]LogBlueprintUserMessages: Early PlayInEditor Detection: Level '/Game/StarterContent/Maps/Minimal_Default.Minimal_Default:PersistentLevel' has LevelScriptBlueprint '/Game/StarterContent/Maps/Minimal_Default.Minimal_Default:PersistentLevel.Minimal_Default' with GeneratedClass '/Game/StarterContent/Maps/Minimal_Default.Minimal_Default_C' with ClassGeneratedBy '/Game/StarterContent/Maps/Minimal_Default.Minimal_Default:PersistentLevel.Minimal_Default'
[2017.10.23-08.42.11:316][835]LogPlayLevel: PlayLevel: No blueprints needed recompiling
[2017.10.23-08.42.11:316][835]PIE: New page: PIE session: Minimal_Default (23 Oct 2017 12:42:11)
[2017.10.23-08.42.11:316][835]LogPlayLevel: Creating play world package: /Game/StarterContent/Maps/UEDPIE_0_Minimal_Default
[2017.10.23-08.42.11:325][835]LogPlayLevel: PIE: StaticDuplicateObject took: (0.008713s)
[2017.10.23-08.42.11:326][835]LogAIModule: Creating AISystem for world Minimal_Default
[2017.10.23-08.42.11:326][835]LogPlayLevel: PIE: World Init took: (0.001313s)
[2017.10.23-08.42.11:326][835]LogPlayLevel: PIE: Created PIE world by copying editor world from /Game/StarterContent/Maps/Minimal_Default.Minimal_Default to /Game/StarterContent/Maps/UEDPIE_0_Minimal_Default.Minimal_Default (0.010449s)
[2017.10.23-08.42.11:347][835]LogInit: XAudio2 using 'Speakers (Realtek High Definition Audio(SST))' : 2 channels at 48 kHz using 32 bits per sample (channel mask 0x3)
[2017.10.23-08.42.11:361][835]LogInit: FAudioDevice initialized.
[2017.10.23-08.42.11:394][835]LogLoad: Game class is 'GameModeBase'
[2017.10.23-08.42.11:396][835]LogWorld: Bringing World /Game/StarterContent/Maps/UEDPIE_0_Minimal_Default.Minimal_Default up for play (max tick rate 0) at 2017.10.23-10.42.11
[2017.10.23-08.42.11:397][835]LogWorld: Bringing up level for play took: 0.001800
[2017.10.23-08.42.11:398][835]PIE: Play in editor start time for /Game/StarterContent/Maps/UEDPIE_0_Minimal_Default 0.335
[2017.10.23-08.42.11:399][835]LogBlueprintUserMessages: Late PlayInEditor Detection: Level '/Game/StarterContent/Maps/Minimal_Default.Minimal_Default:PersistentLevel' has LevelScriptBlueprint '/Game/StarterContent/Maps/Minimal_Default.Minimal_Default:PersistentLevel.Minimal_Default' with GeneratedClass '/Game/StarterContent/Maps/Minimal_Default.Minimal_Default_C' with ClassGeneratedBy '/Game/StarterContent/Maps/Minimal_Default.Minimal_Default:PersistentLevel.Minimal_Default'
[2017.10.23-08.42.45:964][654]LogBlueprintUserMessages: Early EndPlayMap Detection: Level '/Game/StarterContent/Maps/Minimal_Default.Minimal_Default:PersistentLevel' has LevelScriptBlueprint '/Game/StarterContent/Maps/Minimal_Default.Minimal_Default:PersistentLevel.Minimal_Default' with GeneratedClass '/Game/StarterContent/Maps/Minimal_Default.Minimal_Default_C' with ClassGeneratedBy '/Game/StarterContent/Maps/Minimal_Default.Minimal_Default:PersistentLevel.Minimal_Default'
[2017.10.23-08.42.46:040][654]LogBlueprintUserMessages: Late EndPlayMap Detection: Level '/Game/StarterContent/Maps/Minimal_Default.Minimal_Default:PersistentLevel' has LevelScriptBlueprint '/Game/StarterContent/Maps/Minimal_Default.Minimal_Default:PersistentLevel.Minimal_Default' with GeneratedClass '/Game/StarterContent/Maps/Minimal_Default.Minimal_Default_C' with ClassGeneratedBy '/Game/StarterContent/Maps/Minimal_Default.Minimal_Default:PersistentLevel.Minimal_Default'
[2017.10.23-08.42.51:253][ 22]LogEditorViewport: Clicking on Actor (double click): StaticMeshActor (Chair)
[2017.10.23-08.47.13:961][569]LogEditorViewport: Clicking on Actor (LMB): StaticMeshActor (Table)
[2017.10.23-08.50.01:373][123]LogSlate: Took 0.000343 seconds to synchronously load lazily loaded font '../../../Engine/Content/Slate/Fonts/Roboto-Light.ttf' (159K)
[2017.10.23-08.50.08:507][145]LogSlate: Took 0.000928 seconds to synchronously load lazily loaded font '../../../Engine/Content/Slate/Fonts/Roboto-Light.ttf' (159K)
[2017.10.23-08.50.09:552][145]LogSavePackage: Save=569.56ms
[2017.10.23-08.50.09:552][145]LogSavePackage: Moving '../../../../../GIP/MyProject/Saved/Minimal_Default_Auto1B674F5F14A1BE0E30681B9A641CA0CE6.tmp' to '../../../../../GIP/MyProject/Saved/Autosaves/Game/StarterContent/Maps/Minimal_Default_Auto1.umap'
[2017.10.23-08.50.09:573][145]LogSavePackage: Display: Finished SavePackage ../../../../../GIP/MyProject/Saved/Autosaves/Game/StarterContent/Maps/Minimal_Default_Auto1.umap
[2017.10.23-08.50.09:619][145]LogFileHelpers: Editor autosave (incl. sublevels) for '/Game/StarterContent/Maps/Minimal_Default' took 1.014
[2017.10.23-08.50.09:619][145]LogFileHelpers: Editor autosave (incl. sublevels) for all levels took 1.014
[2017.10.23-09.54.55:802][375]Cmd: QUIT_EDITOR
[2017.10.23-09.54.56:325][375]LogWindowsTextInputMethodSystem: Display: IME system now deactivated.
[2017.10.23-09.54.56:403][375]LogExit: Preparing to exit.
[2017.10.23-09.54.58:225][375]LogDirectoryWatcher: A directory notification for 'D:/GIP/MyProject/Content/' was aborted.
[2017.10.23-09.54.58:559][375]LogExit: Editor shut down
[2017.10.23-09.54.58:598][375]LogExit: Transaction tracking system shut down
[2017.10.23-09.54.59:183][375]LogDirectoryWatcher: A directory notification for '../../../Engine/Content/' was aborted.
[2017.10.23-09.54.59:183][375]LogDirectoryWatcher: A directory notification for '../../../../../GIP/MyProject/Content/' was aborted.
[2017.10.23-09.54.59:183][375]LogDirectoryWatcher: A directory notification for '../../../Engine/Plugins/2D/Paper2D/Content/' was aborted.
[2017.10.23-09.54.59:183][375]LogDirectoryWatcher: A directory notification for '../../../Engine/Plugins/Runtime/Oculus/OculusVR/Content/' was aborted.
[2017.10.23-09.54.59:183][375]LogDirectoryWatcher: A directory notification for '../../../Engine/Plugins/Runtime/Steam/SteamVR/Content/' was aborted.
[2017.10.23-09.55.01:954][375]LogExit: Object subsystem successfully closed.
[2017.10.23-09.55.02:234][375]LogD3D11RHI: Shutdown
[2017.10.23-09.55.02:251][375]LogD3D11RHI: CleanupD3DDevice
[2017.10.23-09.55.02:524][375]LogD3D11RHI: ~FD3D11DynamicRHI
[2017.10.23-09.55.03:867][375]LogModuleManager: Shutting down and abandoning module MovieSceneCapture (538)
[2017.10.23-09.55.03:867][375]LogModuleManager: Shutting down and abandoning module HierarchicalLODOutliner (536)
[2017.10.23-09.55.03:867][375]LogModuleManager: Shutting down and abandoning module SceneOutliner (534)
[2017.10.23-09.55.03:883][375]LogModuleManager: Shutting down and abandoning module AddContentDialog (532)
[2017.10.23-09.55.03:910][375]LogDirectoryWatcher: A directory notification for 'D:/UnrealEngine/UE_4.17/FeaturePacks/' was aborted.
[2017.10.23-09.55.03:937][375]LogModuleManager: Shutting down and abandoning module WidgetCarousel (531)
[2017.10.23-09.55.03:937][375]LogModuleManager: Shutting down and abandoning module EditorWidgets (528)
[2017.10.23-09.55.03:937][375]LogModuleManager: Shutting down and abandoning module CollectionManager (526)
[2017.10.23-09.55.03:953][375]LogDirectoryWatcher: A directory notification for 'D:/GIP/MyProject/Content/Collections/' was aborted.
[2017.10.23-09.55.03:953][375]LogDirectoryWatcher: A directory notification for 'D:/GIP/MyProject/Content/Developers/rinke/Collections/' was aborted.
[2017.10.23-09.55.03:953][375]LogDirectoryWatcher: A directory notification for 'D:/GIP/MyProject/Saved/Collections/' was aborted.
[2017.10.23-09.55.03:953][375]LogModuleManager: Shutting down and abandoning module StatsViewer (524)
[2017.10.23-09.55.03:975][375]LogModuleManager: Shutting down and abandoning module FoliageEdit (522)
[2017.10.23-09.55.03:975][375]LogModuleManager: Shutting down and abandoning module LandscapeEditor (520)
[2017.10.23-09.55.04:002][375]LogModuleManager: Shutting down and abandoning module MeshPaintMode (518)
[2017.10.23-09.55.04:002][375]LogModuleManager: Shutting down and abandoning module SceneDepthPickerMode (516)
[2017.10.23-09.55.04:002][375]LogModuleManager: Shutting down and abandoning module ActorPickerMode (514)
[2017.10.23-09.55.04:002][375]LogModuleManager: Shutting down and abandoning module GeometryMode (512)
[2017.10.23-09.55.04:002][375]LogModuleManager: Shutting down and abandoning module TextureAlignMode (510)
[2017.10.23-09.55.04:002][375]LogModuleManager: Shutting down and abandoning module BspMode (508)
[2017.10.23-09.55.04:015][375]LogModuleManager: Shutting down and abandoning module PIEPreviewDeviceProfileSelector (506)
[2017.10.23-09.55.04:015][375]LogModuleManager: Shutting down and abandoning module HardwareSurvey (504)
[2017.10.23-09.55.04:015][375]LogModuleManager: Shutting down and abandoning module SequenceRecorderSections (502)
[2017.10.23-09.55.04:025][375]LogModuleManager: Shutting down and abandoning module AutomationWorker (500)
[2017.10.23-09.55.04:045][375]LogModuleManager: Shutting down and abandoning module MatineeToLevelSequence (498)
[2017.10.23-09.55.04:063][375]LogModuleManager: Shutting down and abandoning module LevelSequenceEditor (496)
[2017.10.23-09.55.04:158][375]LogModuleManager: Shutting down and abandoning module PlacementMode (495)
[2017.10.23-09.55.04:159][375]LogModuleManager: Shutting down and abandoning module WmfMediaFactory (492)
[2017.10.23-09.55.04:159][375]LogModuleManager: Shutting down and abandoning module WmfMediaEditor (490)
[2017.10.23-09.55.04:159][375]LogModuleManager: Shutting down and abandoning module AvfMediaFactory (488)
[2017.10.23-09.55.04:159][375]LogModuleManager: Shutting down and abandoning module AvfMediaEditor (486)
[2017.10.23-09.55.04:159][375]LogModuleManager: Shutting down and abandoning module AndroidMediaFactory (484)
[2017.10.23-09.55.04:159][375]LogModuleManager: Shutting down and abandoning module Media (483)
[2017.10.23-09.55.04:159][375]LogModuleManager: Shutting down and abandoning module AndroidMediaEditor (480)
[2017.10.23-09.55.04:159][375]LogModuleManager: Shutting down and abandoning module CharacterAI (478)
[2017.10.23-09.55.04:159][375]LogModuleManager: Shutting down and abandoning module AudioCapture (476)
[2017.10.23-09.55.04:159][375]LogModuleManager: Shutting down and abandoning module SequenceRecorder (475)
[2017.10.23-09.55.04:170][375]LogModuleManager: Shutting down and abandoning module SmartSnapping (472)
[2017.10.23-09.55.04:170][375]LogModuleManager: Shutting down and abandoning module SessionServices (470)
[2017.10.23-09.55.04:170][375]LogModuleManager: Shutting down and abandoning module ViewportSnapping (468)
[2017.10.23-09.55.04:170][375]LogModuleManager: Shutting down and abandoning module ViewportInteraction (466)
[2017.10.23-09.55.04:171][375]LogModuleManager: Shutting down and abandoning module ClothPainter (464)
[2017.10.23-09.55.04:208][375]LogModuleManager: Shutting down and abandoning module LogVisualizer (462)
[2017.10.23-09.55.04:238][375]LogModuleManager: Shutting down and abandoning module IntroTutorials (460)
[2017.10.23-09.55.04:319][375]LogModuleManager: Shutting down and abandoning module GameProjectGeneration (459)
[2017.10.23-09.55.04:343][375]LogModuleManager: Shutting down and abandoning module IOSPlatformEditor (456)
[2017.10.23-09.55.04:358][375]LogModuleManager: Shutting down and abandoning module HTML5PlatformEditor (454)
[2017.10.23-09.55.04:358][375]LogModuleManager: Shutting down and abandoning module AndroidPlatformEditor (452)
[2017.10.23-09.55.04:358][375]LogModuleManager: Shutting down and abandoning module AndroidDeviceDetection (451)
[2017.10.23-09.55.04:938][375]LogModuleManager: Shutting down and abandoning module WindowsPlatformEditor (448)
[2017.10.23-09.55.04:938][375]LogModuleManager: Shutting down and abandoning module IOSRuntimeSettings (446)
[2017.10.23-09.55.04:938][375]LogModuleManager: Shutting down and abandoning module AndroidRuntimeSettings (444)
[2017.10.23-09.55.04:938][375]LogModuleManager: Shutting down and abandoning module InputBindingEditor (442)
[2017.10.23-09.55.04:968][375]LogModuleManager: Shutting down and abandoning module MergeActors (440)
[2017.10.23-09.55.04:982][375]LogModuleManager: Shutting down and abandoning module SizeMap (438)
[2017.10.23-09.55.04:982][375]LogModuleManager: Shutting down and abandoning module TreeMap (436)
[2017.10.23-09.55.05:007][375]LogModuleManager: Shutting down and abandoning module ReferenceViewer (434)
[2017.10.23-09.55.05:008][375]LogModuleManager: Shutting down and abandoning module LocalizationDashboard (432)
[2017.10.23-09.55.05:024][375]LogModuleManager: Shutting down and abandoning module LocalizationService (431)
[2017.10.23-09.55.05:036][375]LogModuleManager: Shutting down and abandoning module HardwareTargeting (428)
[2017.10.23-09.55.05:036][375]LogModuleManager: Shutting down and abandoning module DeviceProfileEditor (426)
[2017.10.23-09.55.05:047][375]LogModuleManager: Shutting down and abandoning module UndoHistory (424)
[2017.10.23-09.55.05:047][375]LogModuleManager: Shutting down and abandoning module XmlParser (422)
[2017.10.23-09.55.05:060][375]LogModuleManager: Shutting down and abandoning module Blutility (420)
[2017.10.23-09.55.05:060][375]LogModuleManager: Shutting down and abandoning module ProjectSettingsViewer (418)
[2017.10.23-09.55.05:060][375]LogModuleManager: Shutting down and abandoning module ProjectTargetPlatformEditor (417)
[2017.10.23-09.55.05:060][375]LogModuleManager: Shutting down and abandoning module EditorSettingsViewer (414)
[2017.10.23-09.55.05:060][375]LogModuleManager: Shutting down and abandoning module SettingsEditor (412)
[2017.10.23-09.55.05:079][375]LogModuleManager: Shutting down and abandoning module ProjectLauncher (410)
[2017.10.23-09.55.05:087][375]LogModuleManager: Shutting down and abandoning module SessionFrontend (408)
[2017.10.23-09.55.05:101][375]LogModuleManager: Shutting down and abandoning module ProfilerClient (406)
[2017.10.23-09.55.05:118][375]LogModuleManager: Shutting down and abandoning module DeviceManager (404)
[2017.10.23-09.55.05:135][375]LogModuleManager: Shutting down and abandoning module TargetDeviceServices (403)
[2017.10.23-09.55.05:216][375]LogModuleManager: Shutting down and abandoning module AutomationController (400)
[2017.10.23-09.55.05:246][375]LogModuleManager: Shutting down and abandoning module AutomationWindow (398)
[2017.10.23-09.55.05:277][375]LogModuleManager: Shutting down and abandoning module Layers (396)
[2017.10.23-09.55.05:316][375]LogModuleManager: Shutting down and abandoning module ComponentVisualizers (394)
[2017.10.23-09.55.05:316][375]LogModuleManager: Shutting down and abandoning module DetailCustomizations (392)
[2017.10.23-09.55.05:337][375]LogModuleManager: Shutting down and abandoning module PackagesDialog (390)
[2017.10.23-09.55.05:337][375]LogModuleManager: Shutting down and abandoning module Persona (388)
[2017.10.23-09.55.05:384][375]LogModuleManager: Shutting down and abandoning module AdvancedPreviewScene (387)
[2017.10.23-09.55.05:384][375]LogModuleManager: Shutting down and abandoning module AnimGraph (385)
[2017.10.23-09.55.05:404][375]LogModuleManager: Shutting down and abandoning module Kismet (382)
[2017.10.23-09.55.05:430][375]LogModuleManager: Shutting down and abandoning module ClassViewer (380)
[2017.10.23-09.55.05:430][375]LogModuleManager: Shutting down and abandoning module Toolbox (378)
[2017.10.23-09.55.05:430][375]LogModuleManager: Shutting down and abandoning module ModuleUI (376)
[2017.10.23-09.55.05:438][375]LogModuleManager: Shutting down and abandoning module MovieSceneTools (374)
[2017.10.23-09.55.05:470][375]LogModuleManager: Shutting down and abandoning module OutputLog (372)
[2017.10.23-09.55.05:479][375]LogModuleManager: Shutting down and abandoning module GammaUI (370)
[2017.10.23-09.55.05:493][375]LogModuleManager: Shutting down and abandoning module Documentation (368)
[2017.10.23-09.55.05:493][375]LogModuleManager: Shutting down and abandoning module MovieSceneTracks (366)
[2017.10.23-09.55.05:493][375]LogModuleManager: Shutting down and abandoning module MovieScene (364)
[2017.10.23-09.55.05:506][375]LogModuleManager: Shutting down and abandoning module Niagara (362)
[2017.10.23-09.55.05:506][375]LogModuleManager: Shutting down and abandoning module NiagaraEditor (361)
[2017.10.23-09.55.05:536][375]LogModuleManager: Shutting down and abandoning module StreamingPauseRendering (358)
[2017.10.23-09.55.05:536][375]LogModuleManager: Shutting down and abandoning module LauncherPlatform (356)
[2017.10.23-09.55.05:536][375]LogModuleManager: Shutting down and abandoning module AnalyticsET (354)
[2017.10.23-09.55.05:536][375]LogModuleManager: Shutting down and abandoning module PortalServices (352)
[2017.10.23-09.55.05:536][375]LogModuleManager: Shutting down and abandoning module PortalRpc (350)
[2017.10.23-09.55.05:536][375]LogModuleManager: Shutting down and abandoning module MessagingRpc (348)
[2017.10.23-09.55.05:536][375]LogModuleManager: Shutting down and abandoning module AIModule (346)
[2017.10.23-09.55.05:536][375]LogModuleManager: Shutting down and abandoning module GameplayDebugger (345)
[2017.10.23-09.55.05:537][375]LogModuleManager: Shutting down and abandoning module AITestSuite (343)
[2017.10.23-09.55.05:553][375]LogModuleManager: Shutting down and abandoning module ProfilerService (340)
[2017.10.23-09.55.05:725][375]LogModuleManager: Shutting down and abandoning module TaskGraph (338)
[2017.10.23-09.55.05:759][375]LogModuleManager: Shutting down and abandoning module SubstanceSource (336)
[2017.10.23-09.55.05:797][375]LogModuleManager: Shutting down and abandoning module SubstanceEditor (334)
[2017.10.23-09.55.05:820][375]LogModuleManager: Shutting down and abandoning module SteamVRController (332)
[2017.10.23-09.55.05:820][375]LogModuleManager: Shutting down and abandoning module ProceduralMeshComponentEditor (330)
[2017.10.23-09.55.05:820][375]LogModuleManager: Shutting down and abandoning module ProceduralMeshComponent (328)
[2017.10.23-09.55.05:820][375]LogModuleManager: Shutting down and abandoning module OculusInput (326)
[2017.10.23-09.55.05:830][375]LogModuleManager: Shutting down and abandoning module MobilePatchingUtils (324)
[2017.10.23-09.55.05:830][375]LogModuleManager: Shutting down and abandoning module CustomMeshComponent (322)
[2017.10.23-09.55.05:830][375]LogModuleManager: Shutting down and abandoning module CableComponent (320)
[2017.10.23-09.55.05:843][375]LogModuleManager: Shutting down and abandoning module ArchVisCharacter (318)
[2017.10.23-09.55.05:843][375]LogModuleManager: Shutting down and abandoning module AndroidPermission (316)
[2017.10.23-09.55.05:844][375]LogModuleManager: Shutting down and abandoning module MediaPlayerEditor (312)
[2017.10.23-09.55.05:888][375]LogModuleManager: Shutting down and abandoning module HTML5Networking (310)
[2017.10.23-09.55.05:888][375]LogModuleManager: Shutting down and abandoning module AlembicImporter (308)
[2017.10.23-09.55.05:901][375]LogModuleManager: Shutting down and abandoning module AlembicLibrary (307)
[2017.10.23-09.55.05:901][375]LogModuleManager: Shutting down and abandoning module GeometryCache (306)
[2017.10.23-09.55.05:901][375]LogModuleManager: Shutting down and abandoning module GeometryCacheEd (305)
[2017.10.23-09.55.05:901][375]LogModuleManager: Shutting down and abandoning module SpeedTreeImporter (300)
[2017.10.23-09.55.05:901][375]LogModuleManager: Shutting down and abandoning module PluginBrowser (298)
[2017.10.23-09.55.05:926][375]LogModuleManager: Shutting down and abandoning module MobileLauncherProfileWizard (296)
[2017.10.23-09.55.05:928][375]LogModuleManager: Shutting down and abandoning module VisualStudioSourceCodeAccess (294)
[2017.10.23-09.55.05:928][375]LogModuleManager: Shutting down and abandoning module DesktopPlatform (293)
[2017.10.23-09.55.05:936][375]LogModuleManager: Shutting down and abandoning module UObjectPlugin (290)
[2017.10.23-09.55.05:936][375]LogModuleManager: Shutting down and abandoning module SubversionSourceControl (288)
[2017.10.23-09.55.05:945][375]LogModuleManager: Shutting down and abandoning module PerforceSourceControl (286)
[2017.10.23-09.55.05:958][375]LogModuleManager: Shutting down and abandoning module GitSourceControl (284)
[2017.10.23-09.55.05:963][375]LogModuleManager: Shutting down and abandoning module SourceControl (283)
[2017.10.23-09.55.05:975][375]LogModuleManager: Shutting down and abandoning module LightPropagationVolumeEditor (280)
[2017.10.23-09.55.05:975][375]LogModuleManager: Shutting down and abandoning module PaperTiledImporter (278)
[2017.10.23-09.55.05:975][375]LogModuleManager: Shutting down and abandoning module PaperSpriteSheetImporter (276)
[2017.10.23-09.55.05:975][375]LogModuleManager: Shutting down and abandoning module Paper2DEditor (274)
[2017.10.23-09.55.05:992][375]LogModuleManager: Shutting down and abandoning module MeshPaint (273)
[2017.10.23-09.55.06:010][375]LogModuleManager: Shutting down and abandoning module LevelEditor (271)
[2017.10.23-09.55.06:027][375]LogModuleManager: Shutting down and abandoning module PixelInspectorModule (270)
[2017.10.23-09.55.06:050][375]LogModuleManager: Shutting down and abandoning module MainFrame (268)
[2017.10.23-09.55.06:051][375]LogModuleManager: Shutting down and abandoning module HotReload (267)
[2017.10.23-09.55.06:070][375]LogModuleManager: Shutting down and abandoning module RuntimePhysXCooking (262)
[2017.10.23-09.55.06:070][375]LogModuleManager: Shutting down and abandoning module PhysXVehiclesEditor (260)
[2017.10.23-09.55.06:070][375]LogModuleManager: Shutting down and abandoning module PhysXVehicles (258)
[2017.10.23-09.55.06:070][375]LogModuleManager: Shutting down and abandoning module OculusEditor (256)
[2017.10.23-09.55.06:070][375]LogModuleManager: Shutting down and abandoning module LocationServicesBPLibrary (254)
[2017.10.23-09.55.06:070][375]LogModuleManager: Shutting down and abandoning module ImmediatePhysicsEditor (252)
[2017.10.23-09.55.06:070][375]LogModuleManager: Shutting down and abandoning module ImmediatePhysics (250)
[2017.10.23-09.55.06:083][375]LogModuleManager: Shutting down and abandoning module UdpMessaging (248)
[2017.10.23-09.55.06:184][375]LogModuleManager: Shutting down and abandoning module TcpMessaging (246)
[2017.10.23-09.55.06:301][375]LogModuleManager: Shutting down and abandoning module SubstanceCore (244)
[2017.10.23-09.55.06:326][375]LogModuleManager: Shutting down and abandoning module GameplayTagsEditor (242)
[2017.10.23-09.55.06:340][375]LogModuleManager: Shutting down and abandoning module FacialAnimationEditor (240)
[2017.10.23-09.55.06:340][375]LogModuleManager: Shutting down and abandoning module FacialAnimation (238)
[2017.10.23-09.55.06:340][375]LogModuleManager: Shutting down and abandoning module AssetManagerEditor (236)
[2017.10.23-09.55.06:349][375]LogModuleManager: Shutting down and abandoning module GraphEditor (235)
[2017.10.23-09.55.06:414][375]LogModuleManager: Shutting down and abandoning module ContentBrowser (233)
[2017.10.23-09.55.06:417][375]LogModuleManager: Shutting down and abandoning module LightPropagationVolumeRuntime (230)
[2017.10.23-09.55.06:417][375]LogModuleManager: Shutting down and abandoning module Paper2D (228)
[2017.10.23-09.55.06:430][375]LogModuleManager: Shutting down and abandoning module WindowsMoviePlayer (226)
[2017.10.23-09.55.06:443][375]LogModuleManager: Shutting down and abandoning module WmfMedia (224)
[2017.10.23-09.55.06:448][375]LogModuleManager: Shutting down and abandoning module PacketHandler (222)
[2017.10.23-09.55.06:448][375]LogModuleManager: Shutting down and abandoning module ClothingSystemEditor (220)
[2017.10.23-09.55.06:460][375]LogModuleManager: Shutting down and abandoning module ClothingSystemRuntime (218)
[2017.10.23-09.55.06:492][375]LogModuleManager: Shutting down and abandoning module Overlay (216)
[2017.10.23-09.55.06:492][375]LogModuleManager: Shutting down and abandoning module OverlayEditor (215)
[2017.10.23-09.55.06:492][375]LogModuleManager: Shutting down and abandoning module MediaAssets (212)
[2017.10.23-09.55.06:492][375]LogModuleManager: Shutting down and abandoning module VREditor (210)
[2017.10.23-09.55.06:513][375]LogModuleManager: Shutting down and abandoning module StringTableEditor (208)
[2017.10.23-09.55.06:534][375]LogModuleManager: Shutting down and abandoning module GameplayTasksEditor (206)
[2017.10.23-09.55.06:534][375]LogModuleManager: Shutting down and abandoning module BehaviorTreeEditor (204)
[2017.10.23-09.55.06:569][375]LogModuleManager: Shutting down and abandoning module FunctionalTesting (202)
[2017.10.23-09.55.06:569][375]LogModuleManager: Shutting down and abandoning module CollisionAnalyzer (200)
[2017.10.23-09.55.06:581][375]LogModuleManager: Shutting down and abandoning module WorkspaceMenuStructure (199)
[2017.10.23-09.55.06:582][375]LogModuleManager: Shutting down and abandoning module UMG (196)
[2017.10.23-09.55.06:606][375]LogModuleManager: Shutting down and abandoning module UMGEditor (195)
[2017.10.23-09.55.06:654][375]LogModuleManager: Shutting down and abandoning module Sequencer (194)
[2017.10.23-09.55.06:682][375]LogModuleManager: Shutting down and abandoning module MessageLog (191)
[2017.10.23-09.55.06:682][375]LogModuleManager: Shutting down and abandoning module SlateReflector (186)
[2017.10.23-09.55.06:713][375]LogModuleManager: Shutting down and abandoning module Slate (184)
[2017.10.23-09.55.06:713][375]LogModuleManager: Shutting down and abandoning module EditorStyle (182)
[2017.10.23-09.55.06:717][375]LogModuleManager: Shutting down and abandoning module MRMesh (180)
[2017.10.23-09.55.06:717][375]LogModuleManager: Shutting down and abandoning module SourceCodeAccess (178)
[2017.10.23-09.55.06:718][375]LogModuleManager: Shutting down and abandoning module HeadMountedDisplay (176)
[2017.10.23-09.55.06:718][375]LogModuleManager: Shutting down and abandoning module XAudio2 (174)
[2017.10.23-09.55.06:718][375]LogModuleManager: Shutting down and abandoning module Networking (172)
[2017.10.23-09.55.06:718][375]LogModuleManager: Shutting down and abandoning module Core (168)
[2017.10.23-09.55.06:718][375]LogModuleManager: Shutting down and abandoning module KismetCompiler (164)
[2017.10.23-09.55.06:718][375]LogModuleManager: Shutting down and abandoning module LevelSequence (162)
[2017.10.23-09.55.06:718][375]LogModuleManager: Shutting down and abandoning module MeshUtilities (160)
[2017.10.23-09.55.06:742][375]LogModuleManager: Shutting down and abandoning module MeshMergeUtilities (159)
[2017.10.23-09.55.06:759][375]LogModuleManager: Shutting down and abandoning module MeshReductionInterface (158)
[2017.10.23-09.55.06:759][375]LogModuleManager: Shutting down and abandoning module SimplygonSwarm (157)
[2017.10.23-09.55.06:771][375]LogModuleManager: Shutting down and abandoning module SimplygonMeshReduction (155)
[2017.10.23-09.55.06:771][375]LogModuleManager: Shutting down and abandoning module QuadricMeshReduction (153)
[2017.10.23-09.55.06:786][375]LogModuleManager: Shutting down and abandoning module MaterialBaking (149)
[2017.10.23-09.55.06:792][375]LogModuleManager: Shutting down and abandoning module DirectoryWatcher (146)
[2017.10.23-09.55.06:798][375]LogModuleManager: Shutting down and abandoning module DerivedDataCache (144)
[2017.10.23-09.55.06:870][375]LogDerivedDataCache: Shutdown
[2017.10.23-09.55.06:879][375]LogModuleManager: Shutting down and abandoning module TargetPlatform (142)
[2017.10.23-09.55.06:879][375]LogModuleManager: Shutting down and abandoning module VulkanShaderFormat (141)
[2017.10.23-09.55.06:894][375]LogModuleManager: Shutting down and abandoning module ShaderFormatVectorVM (139)
[2017.10.23-09.55.06:907][375]LogModuleManager: Shutting down and abandoning module ShaderFormatOpenGL (137)
[2017.10.23-09.55.06:916][375]LogModuleManager: Shutting down and abandoning module ShaderFormatD3D (135)
[2017.10.23-09.55.06:927][375]LogModuleManager: Shutting down and abandoning module MetalShaderFormat (133)
[2017.10.23-09.55.06:946][375]LogModuleManager: Shutting down and abandoning module TextureFormatUncompressed (131)
[2017.10.23-09.55.06:946][375]LogModuleManager: Shutting down and abandoning module TextureFormatPVR (129)
[2017.10.23-09.55.06:946][375]LogModuleManager: Shutting down and abandoning module TextureFormatDXT (127)
[2017.10.23-09.55.06:963][375]LogModuleManager: Shutting down and abandoning module TextureFormatIntelISPCTexComp (125)
[2017.10.23-09.55.06:964][375]LogModuleManager: Shutting down and abandoning module TextureFormatASTC (123)
[2017.10.23-09.55.06:964][375]LogModuleManager: Shutting down and abandoning module ImageWrapper (122)
[2017.10.23-09.55.06:964][375]LogModuleManager: Shutting down and abandoning module TextureFormatAndroid (119)
[2017.10.23-09.55.06:964][375]LogModuleManager: Shutting down and abandoning module AudioFormatOpus (117)
[2017.10.23-09.55.06:964][375]LogModuleManager: Shutting down and abandoning module AudioFormatOgg (115)
[2017.10.23-09.55.06:964][375]LogModuleManager: Shutting down and abandoning module AudioFormatADPCM (113)
[2017.10.23-09.55.06:964][375]LogModuleManager: Shutting down and abandoning module LinuxTargetPlatform (111)
[2017.10.23-09.55.06:964][375]LogModuleManager: Shutting down and abandoning module LinuxServerTargetPlatform (109)
[2017.10.23-09.55.06:965][375]LogModuleManager: Shutting down and abandoning module LinuxNoEditorTargetPlatform (107)
[2017.10.23-09.55.06:965][375]LogModuleManager: Shutting down and abandoning module LinuxClientTargetPlatform (105)
[2017.10.23-09.55.06:965][375]LogModuleManager: Shutting down and abandoning module TVOSTargetPlatform (103)
[2017.10.23-09.55.06:965][375]LogModuleManager: Shutting down and abandoning module Messaging (101)
[2017.10.23-09.55.06:965][375]LogModuleManager: Shutting down and abandoning module IOSTargetPlatform (99)
[2017.10.23-09.55.06:965][375]LogModuleManager: Shutting down and abandoning module HTML5TargetPlatform (97)
[2017.10.23-09.55.06:965][375]LogModuleManager: Shutting down and abandoning module Android_PVRTCTargetPlatform (95)
[2017.10.23-09.55.06:965][375]LogModuleManager: Shutting down and abandoning module Android_MultiTargetPlatform (93)
[2017.10.23-09.55.06:965][375]LogModuleManager: Shutting down and abandoning module Android_ETC2TargetPlatform (91)
[2017.10.23-09.55.06:965][375]LogModuleManager: Shutting down and abandoning module Android_ETC1TargetPlatform (89)
[2017.10.23-09.55.06:965][375]LogModuleManager: Shutting down and abandoning module Android_DXTTargetPlatform (87)
[2017.10.23-09.55.06:965][375]LogModuleManager: Shutting down and abandoning module Android_ATCTargetPlatform (85)
[2017.10.23-09.55.06:965][375]LogModuleManager: Shutting down and abandoning module Android_ASTCTargetPlatform (83)
[2017.10.23-09.55.06:965][375]LogModuleManager: Shutting down and abandoning module AndroidTargetPlatform (81)
[2017.10.23-09.55.06:965][375]LogModuleManager: Shutting down and abandoning module WindowsTargetPlatform (79)
[2017.10.23-09.55.06:965][375]LogModuleManager: Shutting down and abandoning module WindowsServerTargetPlatform (77)
[2017.10.23-09.55.06:965][375]LogModuleManager: Shutting down and abandoning module WindowsNoEditorTargetPlatform (75)
[2017.10.23-09.55.06:965][375]LogModuleManager: Shutting down and abandoning module WindowsClientTargetPlatform (73)
[2017.10.23-09.55.06:965][375]LogModuleManager: Shutting down and abandoning module MacTargetPlatform (71)
[2017.10.23-09.55.06:965][375]LogModuleManager: Shutting down and abandoning module MacServerTargetPlatform (69)
[2017.10.23-09.55.06:965][375]LogModuleManager: Shutting down and abandoning module MacNoEditorTargetPlatform (67)
[2017.10.23-09.55.06:965][375]LogModuleManager: Shutting down and abandoning module MacClientTargetPlatform (65)
[2017.10.23-09.55.06:965][375]LogModuleManager: Shutting down and abandoning module AllDesktopTargetPlatform (63)
[2017.10.23-09.55.06:965][375]LogModuleManager: Shutting down and abandoning module InputCore (60)
[2017.10.23-09.55.06:965][375]LogModuleManager: Shutting down and abandoning module Settings (58)
[2017.10.23-09.55.06:965][375]LogModuleManager: Shutting down and abandoning module PhysXCooking (56)
[2017.10.23-09.55.06:965][375]LogModuleManager: Shutting down and abandoning module SteamVR (54)
[2017.10.23-09.55.06:965][375]LogModuleManager: Shutting down and abandoning module OculusHMD (52)
[2017.10.23-09.55.06:974][375]LogModuleManager: Shutting down and abandoning module ExampleDeviceProfileSelector (50)
[2017.10.23-09.55.06:974][375]LogModuleManager: Shutting down and abandoning module OnlineBlueprintSupport (48)
[2017.10.23-09.55.06:975][375]LogModuleManager: Shutting down and abandoning module OnlineSubsystem (44)
[2017.10.23-09.55.06:975][375]LogOnline: Display: Unloading online subsystem: NULL
[2017.10.23-09.55.07:024][375]LogModuleManager: Shutting down and abandoning module XMPP (43)
[2017.10.23-09.55.07:040][375]LogModuleManager: Shutting down and abandoning module HTTP (41)
[2017.10.23-09.55.07:040][375]LogHttp: Display: Http module shutting down, but needs to wait on 1 outstanding Http requests:
[2017.10.23-09.55.07:060][375]LogHttp: Display: 	verb=[POST] url=[https://datarouter.ol.epicgames.com/datarouter/api/v1/public/data?SessionID=%7B4945927E-43FB-9CBD-CE79-C2BAEDED5126%7D&AppID=UEEditor.Rocket.Release&AppVersion=4.17.2-3658906%2B%2B%2BUE4%2BRelease-4.17&UserID=f26508db40465160d3d2bb802366b8ae%7C42b7d0df387a491eaab8eead4a23da45%7C0efccc4e-e493-48f3-8eb6-9db0fa3ac8b8&AppEnvironment=datacollector-binary&UploadType=eteventstream] status=Processing
[2017.10.23-09.55.07:075][375]LogModuleManager: Shutting down and abandoning module SSL (40)
[2017.10.23-09.55.07:096][375]LogModuleManager: Shutting down and abandoning module AnimationModifiers (36)
[2017.10.23-09.55.07:107][375]LogModuleManager: Shutting down and abandoning module PropertyEditor (35)
[2017.10.23-09.55.07:108][375]LogModuleManager: Shutting down and abandoning module AudioEditor (32)
[2017.10.23-09.55.07:160][375]LogModuleManager: Shutting down and abandoning module TextureCompressor (30)
[2017.10.23-09.55.07:182][375]LogModuleManager: Shutting down and abandoning module ShaderCore (28)
[2017.10.23-09.55.07:182][375]LogModuleManager: Shutting down and abandoning module Landscape (26)
[2017.10.23-09.55.07:182][375]LogModuleManager: Shutting down and abandoning module SlateRHIRenderer (24)
[2017.10.23-09.55.07:214][375]LogModuleManager: Shutting down and abandoning module OpenGLDrv (22)
[2017.10.23-09.55.07:225][375]LogModuleManager: Shutting down and abandoning module D3D11RHI (20)
[2017.10.23-09.55.07:225][375]LogModuleManager: Shutting down and abandoning module AnimGraphRuntime (18)
[2017.10.23-09.55.07:243][375]LogModuleManager: Shutting down and abandoning module Renderer (16)
[2017.10.23-09.55.07:243][375]LogModuleManager: Shutting down and abandoning module Engine (14)
[2017.10.23-09.55.07:243][375]LogModuleManager: Shutting down and abandoning module CoreUObject (12)
[2017.10.23-09.55.07:243][375]LogModuleManager: Shutting down and abandoning module NetworkFile (10)
[2017.10.23-09.55.07:257][375]LogModuleManager: Shutting down and abandoning module CookedIterativeFile (8)
[2017.10.23-09.55.07:258][375]LogModuleManager: Shutting down and abandoning module StreamingFile (6)
[2017.10.23-09.55.07:265][375]LogModuleManager: Shutting down and abandoning module SandboxFile (4)
[2017.10.23-09.55.07:278][375]LogModuleManager: Shutting down and abandoning module PakFile (2)
[2017.10.23-09.55.07:296][375]LogExit: Exiting.
[2017.10.23-09.55.07:322][375]Log file closed, 10/23/17 11:55:07
